Change Component Designator: Old Designator=C43 New Designator=C41
Change Component Designator: Old Designator=C44 New Designator=C42
Change Component Designator: Old Designator=C45 New Designator=C43
Change Component Designator: Old Designator=C46 New Designator=C40
Change Component Designator: Old Designator=LED1 New Designator=LED2
Change Component Designator: Old Designator=LED2 New Designator=LED3
Change Component Designator: Old Designator=LED3 New Designator=LED4
Change Component Designator: Old Designator=LED4 New Designator=LED5
Change Component Designator: Old Designator=LED5 New Designator=LED6
Change Component Designator: Old Designator=LED6 New Designator=LED7
Change Component Designator: Old Designator=LED7 New Designator=LED8
Change Component Designator: Old Designator=LED8 New Designator=LED9
Change Component Designator: Old Designator=LED9 New Designator=LED10
Change Component Designator: Old Designator=LED10 New Designator=LED11
Change Component Designator: Old Designator=LED11 New Designator=LED12
Change Component Designator: Old Designator=LED12 New Designator=LED13
Change Component Designator: Old Designator=LED13 New Designator=LED14
Change Component Designator: Old Designator=LED14 New Designator=LED15
Change Component Designator: Old Designator=LED15 New Designator=LED16
Change Component Designator: Old Designator=LED16 New Designator=LED17
Change Component Designator: Old Designator=R14 New Designator=R60
Change Component Designator: Old Designator=R18 New Designator=R61
Change Component Designator: Old Designator=R24 New Designator=R62
Change Component Designator: Old Designator=R56 New Designator=R58
Change Component Designator: Old Designator=R62 New Designator=R57
Change Component Designator: Old Designator=R63 New Designator=R59
Change Component Designator: Old Designator=SW1 New Designator=SW2
Change Component Designator: Old Designator=SW2 New Designator=SW3
Change Component Designator: Old Designator=SW3 New Designator=SW4
Change Component Designator: Old Designator=U15 New Designator=U16
