Removed Pin From Net: NetName=IN_CH3_BUFF Pin=U1-1
Removed Pin From Net: NetName=IN_CH3_BUFF Pin=U1-2
Removed Pin From Net: NetName=IN_CH3 Pin=U1-3
Removed Pin From Net: NetName=NetR1_2 Pin=U1-5
Removed Pin From Net: NetName=CH3_10V_SCALE Pin=U1-6
Removed Pin From Net: NetName=CH3_10V_SCALE Pin=U1-7
Removed Pin From Net: NetName=IN_CH4_BUFF Pin=U2-1
Removed Pin From Net: NetName=IN_CH4_BUFF Pin=U2-2
Removed Pin From Net: NetName=IN_CH4 Pin=U2-3
Removed Pin From Net: NetName=NetR2_2 Pin=U2-5
Removed Pin From Net: NetName=CH4_10V_SCALE Pin=U2-6
Removed Pin From Net: NetName=CH4_10V_SCALE Pin=U2-7
Removed Member From Class: ClassName=ATMega328p Member=C52
Removed Member From Class: ClassName=Hardware Member=J8
Removed Member From Class: ClassName=Channels [1,2] Member=R29
Removed Member From Class: ClassName=ADC and IMU Member=R65
Change Component Designator: OldDesignator=C6 NewDesignator=C7
Change Component Designator: OldDesignator=C7 NewDesignator=C8
Change Component Designator: OldDesignator=C8 NewDesignator=C12
Change Component Designator: OldDesignator=C9 NewDesignator=C13
Change Component Designator: OldDesignator=C10 NewDesignator=C18
Change Component Designator: OldDesignator=C11 NewDesignator=C19
Change Component Designator: OldDesignator=C12 NewDesignator=C28
Change Component Designator: OldDesignator=C13 NewDesignator=C36
Change Component Designator: OldDesignator=C14 NewDesignator=C23
Change Component Designator: OldDesignator=C15 NewDesignator=C35
Change Component Designator: OldDesignator=C16 NewDesignator=C22
Change Component Designator: OldDesignator=C17 NewDesignator=C29
Change Component Designator: OldDesignator=C18 NewDesignator=C24
Change Component Designator: OldDesignator=C19 NewDesignator=C25
Change Component Designator: OldDesignator=C20 NewDesignator=C26
Change Component Designator: OldDesignator=C21 NewDesignator=C27
Change Component Designator: OldDesignator=C22 NewDesignator=C30
Change Component Designator: OldDesignator=C23 NewDesignator=C37
Change Component Designator: OldDesignator=C24 NewDesignator=C31
Change Component Designator: OldDesignator=C25 NewDesignator=C32
Change Component Designator: OldDesignator=C26 NewDesignator=C33
Change Component Designator: OldDesignator=C27 NewDesignator=C34
Change Component Designator: OldDesignator=C28 NewDesignator=C38
Change Component Designator: OldDesignator=C29 NewDesignator=C39
Change Component Designator: OldDesignator=C30 NewDesignator=C10
Change Component Designator: OldDesignator=C31 NewDesignator=C11
Change Component Designator: OldDesignator=C32 NewDesignator=C14
Change Component Designator: OldDesignator=C33 NewDesignator=C15
Change Component Designator: OldDesignator=C34 NewDesignator=C16
Change Component Designator: OldDesignator=C35 NewDesignator=C17
Change Component Designator: OldDesignator=C36 NewDesignator=C20
Change Component Designator: OldDesignator=C37 NewDesignator=C21
Change Component Designator: OldDesignator=C38 NewDesignator=C50
Change Component Designator: OldDesignator=C39 NewDesignator=C51
Change Component Designator: OldDesignator=C40 NewDesignator=C49
Change Component Designator: OldDesignator=C41 NewDesignator=C52
Change Component Designator: OldDesignator=C42 NewDesignator=C53
Change Component Designator: OldDesignator=C43 NewDesignator=C41
Change Component Designator: OldDesignator=C44 NewDesignator=C42
Change Component Designator: OldDesignator=C45 NewDesignator=C43
Change Component Designator: OldDesignator=C46 NewDesignator=C40
Change Component Designator: OldDesignator=C47 NewDesignator=C9
Change Component Designator: OldDesignator=C48 NewDesignator=C44
Change Component Designator: OldDesignator=C49 NewDesignator=C45
Change Component Designator: OldDesignator=C50 NewDesignator=C47
Change Component Designator: OldDesignator=C51 NewDesignator=C46
Change Component Designator: OldDesignator=C52 NewDesignator=C6
Change Component Designator: OldDesignator=C53 NewDesignator=C48
Change Component Designator: OldDesignator=J1 NewDesignator=J5
Change Component Designator: OldDesignator=J2 NewDesignator=J6
Change Component Designator: OldDesignator=J3 NewDesignator=J1
Change Component Designator: OldDesignator=J6 NewDesignator=J3
Change Component Designator: OldDesignator=J7 NewDesignator=J4
Change Component Designator: OldDesignator=J8 NewDesignator=J2
Change Component Designator: OldDesignator=LED1 NewDesignator=LED2
Change Component Designator: OldDesignator=LED2 NewDesignator=LED3
Change Component Designator: OldDesignator=LED3 NewDesignator=LED4
Change Component Designator: OldDesignator=LED4 NewDesignator=LED5
Change Component Designator: OldDesignator=LED5 NewDesignator=LED6
Change Component Designator: OldDesignator=LED6 NewDesignator=LED7
Change Component Designator: OldDesignator=LED7 NewDesignator=LED8
Change Component Designator: OldDesignator=LED8 NewDesignator=LED9
Change Component Designator: OldDesignator=LED9 NewDesignator=LED10
Change Component Designator: OldDesignator=LED10 NewDesignator=LED11
Change Component Designator: OldDesignator=LED11 NewDesignator=LED12
Change Component Designator: OldDesignator=LED12 NewDesignator=LED13
Change Component Designator: OldDesignator=LED13 NewDesignator=LED14
Change Component Designator: OldDesignator=LED14 NewDesignator=LED15
Change Component Designator: OldDesignator=LED15 NewDesignator=LED16
Change Component Designator: OldDesignator=LED16 NewDesignator=LED17
Change Component Designator: OldDesignator=LED17 NewDesignator=LED1
Change Component Designator: OldDesignator=R1 NewDesignator=R28
Change Component Designator: OldDesignator=R2 NewDesignator=R27
Change Component Designator: OldDesignator=R3 NewDesignator=R30
Change Component Designator: OldDesignator=R4 NewDesignator=R29
Change Component Designator: OldDesignator=R5 NewDesignator=R67
Change Component Designator: OldDesignator=R6 NewDesignator=R68
Change Component Designator: OldDesignator=R7 NewDesignator=R32
Change Component Designator: OldDesignator=R8 NewDesignator=R31
Change Component Designator: OldDesignator=R9 NewDesignator=R33
Change Component Designator: OldDesignator=R10 NewDesignator=R34
Change Component Designator: OldDesignator=R11 NewDesignator=R35
Change Component Designator: OldDesignator=R12 NewDesignator=R9
Change Component Designator: OldDesignator=R13 NewDesignator=R11
Change Component Designator: OldDesignator=R14 NewDesignator=R60
Change Component Designator: OldDesignator=R15 NewDesignator=R13
Change Component Designator: OldDesignator=R16 NewDesignator=R15
Change Component Designator: OldDesignator=R18 NewDesignator=R61
Change Component Designator: OldDesignator=R20 NewDesignator=R21
Change Component Designator: OldDesignator=R21 NewDesignator=R23
Change Component Designator: OldDesignator=R22 NewDesignator=R10
Change Component Designator: OldDesignator=R23 NewDesignator=R12
Change Component Designator: OldDesignator=R24 NewDesignator=R62
Change Component Designator: OldDesignator=R25 NewDesignator=R14
Change Component Designator: OldDesignator=R26 NewDesignator=R16
Change Component Designator: OldDesignator=R27 NewDesignator=R18
Change Component Designator: OldDesignator=R28 NewDesignator=R3
Change Component Designator: OldDesignator=R29 NewDesignator=R20
Change Component Designator: OldDesignator=R30 NewDesignator=R22
Change Component Designator: OldDesignator=R31 NewDesignator=R24
Change Component Designator: OldDesignator=R32 NewDesignator=R25
Change Component Designator: OldDesignator=R33 NewDesignator=R26
Change Component Designator: OldDesignator=R34 NewDesignator=R36
Change Component Designator: OldDesignator=R35 NewDesignator=R2
Change Component Designator: OldDesignator=R36 NewDesignator=R1
Change Component Designator: OldDesignator=R45 NewDesignator=R46
Change Component Designator: OldDesignator=R46 NewDesignator=R51
Change Component Designator: OldDesignator=R47 NewDesignator=R45
Change Component Designator: OldDesignator=R48 NewDesignator=R49
Change Component Designator: OldDesignator=R49 NewDesignator=R50
Change Component Designator: OldDesignator=R50 NewDesignator=R54
Change Component Designator: OldDesignator=R51 NewDesignator=R47
Change Component Designator: OldDesignator=R52 NewDesignator=R48
Change Component Designator: OldDesignator=R53 NewDesignator=R52
Change Component Designator: OldDesignator=R54 NewDesignator=R53
Change Component Designator: OldDesignator=R55 NewDesignator=R56
Change Component Designator: OldDesignator=R56 NewDesignator=R58
Change Component Designator: OldDesignator=R57 NewDesignator=R6
Change Component Designator: OldDesignator=R58 NewDesignator=R8
Change Component Designator: OldDesignator=R59 NewDesignator=R4
Change Component Designator: OldDesignator=R60 NewDesignator=R5
Change Component Designator: OldDesignator=R61 NewDesignator=R65
Change Component Designator: OldDesignator=R62 NewDesignator=R57
Change Component Designator: OldDesignator=R63 NewDesignator=R59
Change Component Designator: OldDesignator=R64 NewDesignator=R7
Change Component Designator: OldDesignator=R65 NewDesignator=R55
Change Component Designator: OldDesignator=R66 NewDesignator=R69
Change Component Designator: OldDesignator=R70 NewDesignator=R63
Change Component Designator: OldDesignator=R71 NewDesignator=R64
Change Component Designator: OldDesignator=R72 NewDesignator=R66
Change Component Designator: OldDesignator=SW1 NewDesignator=SW2
Change Component Designator: OldDesignator=SW2 NewDesignator=SW3
Change Component Designator: OldDesignator=SW3 NewDesignator=SW4
Change Component Designator: OldDesignator=SW4 NewDesignator=SW1
Change Component Designator: OldDesignator=TP5 NewDesignator=TP6
Change Component Designator: OldDesignator=TP6 NewDesignator=TP5
Change Component Designator: OldDesignator=TP9 NewDesignator=TP12
Change Component Designator: OldDesignator=TP10 NewDesignator=TP11
Change Component Designator: OldDesignator=TP12 NewDesignator=TP13
Change Component Designator: OldDesignator=TP13 NewDesignator=TP14
Change Component Designator: OldDesignator=TP14 NewDesignator=TP15
Change Component Designator: OldDesignator=TP15 NewDesignator=TP16
Change Component Designator: OldDesignator=TP16 NewDesignator=TP9
Change Component Designator: OldDesignator=TP17 NewDesignator=TP10
Change Component Designator: OldDesignator=U1 NewDesignator=U7
Change Component Designator: OldDesignator=U2 NewDesignator=U8
Change Component Designator: OldDesignator=U3 NewDesignator=U1
Change Component Designator: OldDesignator=U4 NewDesignator=U3
Change Component Designator: OldDesignator=U5 NewDesignator=U4
Change Component Designator: OldDesignator=U6 NewDesignator=U5
Change Component Designator: OldDesignator=U7 NewDesignator=U6
Change Component Designator: OldDesignator=U8 NewDesignator=U9
Change Component Designator: OldDesignator=U9 NewDesignator=U10
Change Component Designator: OldDesignator=U10 NewDesignator=U11
Change Component Designator: OldDesignator=U11 NewDesignator=U13
Change Component Designator: OldDesignator=U13 NewDesignator=U14
Change Component Designator: OldDesignator=U14 NewDesignator=U15
Change Component Designator: OldDesignator=U15 NewDesignator=U16
Change Component Designator: OldDesignator=U16 NewDesignator=U18
Change Component Designator: OldDesignator=U17 NewDesignator=U19
Change Component Designator: OldDesignator=U18 NewDesignator=U20
Change Component Designator: OldDesignator=U19 NewDesignator=U17
Change Component Designator: OldDesignator=U20 NewDesignator=U2
Added Pin To Net: NetName=IN_CH4_BUFF Pin=U7-1
Added Pin To Net: NetName=IN_CH4_BUFF Pin=U7-2
Added Pin To Net: NetName=IN_CH4 Pin=U7-3
Added Pin To Net: NetName=NetR2_2 Pin=U7-5
Added Pin To Net: NetName=CH4_10V_SCALE Pin=U7-6
Added Pin To Net: NetName=CH4_10V_SCALE Pin=U7-7
Added Pin To Net: NetName=IN_CH3_BUFF Pin=U8-1
Added Pin To Net: NetName=IN_CH3_BUFF Pin=U8-2
Added Pin To Net: NetName=IN_CH3 Pin=U8-3
Added Pin To Net: NetName=NetR1_2 Pin=U8-5
Added Pin To Net: NetName=CH3_10V_SCALE Pin=U8-6
Added Pin To Net: NetName=CH3_10V_SCALE Pin=U8-7
Change Net Name : Old Net Name=NetC6_2 New Net Name=NetC7_2
Change Net Name : Old Net Name=NetC7_2 New Net Name=NetC8_2
Change Net Name : Old Net Name=NetC16_1 New Net Name=NetC22_1
Change Net Name : Old Net Name=NetC16_2 New Net Name=NetC22_2
Change Net Name : Old Net Name=NetC17_1 New Net Name=NetC24_2
Change Net Name : Old Net Name=NetC17_2 New Net Name=NetC25_2
Change Net Name : Old Net Name=NetC22_1 New Net Name=NetC30_1
Change Net Name : Old Net Name=NetC22_2 New Net Name=NetC30_2
Change Net Name : Old Net Name=NetC23_1 New Net Name=NetC31_2
Change Net Name : Old Net Name=NetC23_2 New Net Name=NetC32_2
Change Net Name : Old Net Name=NetC48_1 New Net Name=NetC44_1
Change Net Name : Old Net Name=NetC48_2 New Net Name=NetC44_2
Change Net Name : Old Net Name=NetLED1_2 New Net Name=NetLED2_2
Change Net Name : Old Net Name=NetLED2_2 New Net Name=NetLED3_2
Change Net Name : Old Net Name=NetLED3_2 New Net Name=NetLED4_2
Change Net Name : Old Net Name=NetLED4_2 New Net Name=NetLED5_2
Change Net Name : Old Net Name=NetLED5_2 New Net Name=NetLED6_2
Change Net Name : Old Net Name=NetLED6_2 New Net Name=NetLED7_2
Change Net Name : Old Net Name=NetLED7_2 New Net Name=NetLED8_2
Change Net Name : Old Net Name=NetLED8_2 New Net Name=NetLED9_2
Change Net Name : Old Net Name=NetLED9_2 New Net Name=NetLED10_2
Change Net Name : Old Net Name=NetLED10_2 New Net Name=NetLED11_2
Change Net Name : Old Net Name=NetLED11_2 New Net Name=NetLED12_2
Change Net Name : Old Net Name=NetLED12_2 New Net Name=NetLED13_2
Change Net Name : Old Net Name=NetLED13_2 New Net Name=NetLED14_2
Change Net Name : Old Net Name=NetLED14_2 New Net Name=NetLED15_2
Change Net Name : Old Net Name=NetLED15_2 New Net Name=NetLED16_2
Change Net Name : Old Net Name=NetLED16_2 New Net Name=NetLED17_2
Change Net Name : Old Net Name=NetLED17_1 New Net Name=NetLED1_1
Change Net Name : Old Net Name=NetR1_2 New Net Name=NetR28_2
Change Net Name : Old Net Name=NetR2_2 New Net Name=NetR27_2
Change Net Name : Old Net Name=NetR5_2 New Net Name=NetR67_2
Change Net Name : Old Net Name=NetR6_2 New Net Name=NetR68_2
Change Net Name : Old Net Name=NetR9_2 New Net Name=NetR33_2
Change Net Name : Old Net Name=NetR10_2 New Net Name=NetR34_2
Change Net Name : Old Net Name=NetR11_2 New Net Name=NetR35_2
Change Net Name : Old Net Name=NetR12_2 New Net Name=NetR9_2
Change Net Name : Old Net Name=NetR16_2 New Net Name=NetR15_2
Change Net Name : Old Net Name=NetR20_2 New Net Name=NetR21_2
Change Net Name : Old Net Name=NetR22_2 New Net Name=NetR10_2
Change Net Name : Old Net Name=NetR26_2 New Net Name=NetR16_2
Change Net Name : Old Net Name=NetR27_2 New Net Name=NetR18_2
Change Net Name : Old Net Name=NetR30_2 New Net Name=NetR22_2
Change Net Name : Old Net Name=NetR34_2 New Net Name=NetR36_2
Change Net Name : Old Net Name=NetR55_2 New Net Name=NetR56_2
Change Net Name : Old Net Name=NetR56_2 New Net Name=NetR58_2
Change Net Name : Old Net Name=NetR62_1 New Net Name=NetR57_1
Change Net Name : Old Net Name=NetR63_2 New Net Name=NetR59_2
Change Net Name : Old Net Name=NetR65_1 New Net Name=NetR55_1
Change Net Name : Old Net Name=NetR70_2 New Net Name=NetR63_2
Change Net Name : Old Net Name=NetR71_2 New Net Name=NetR64_2
Change Net Name : Old Net Name=NetU13_1 New Net Name=NetU14_1
Change Net Name : Old Net Name=NetU17_1 New Net Name=NetU19_1
Change Net Name : Old Net Name=NetU18_1 New Net Name=NetU20_1
Added Member To Class: ClassName=ATMega328p Member=Component C8 16pF
Added Member To Class: ClassName=Hardware Member=Component J6 691137710004
Added Member To Class: ClassName=Channels [1,2] Member=Component R23 10k ± 0.1%
Added Member To Class: ClassName=ADC and IMU Member=Component R56 4k7 ± 1%
