Removed Pin From Net: NetName=ADC_CH4 Pin=C23-2
Removed Pin From Net: NetName=ADC_CH4 Pin=C25-2
Removed Pin From Net: NetName=ADC_CH2 Pin=U6-4
Removed Pin From Net: NetName=ADC_CH1 Pin=U7-4
Removed Pin From Net: NetName=ADC_CH3 Pin=U9-4
Removed Pin From Net: NetName=ADC_CH4 Pin=U11-6
Added Component: Designator=R51(RES-0603)
Added Component: Designator=R52(RES-0603)
Added Component: Designator=R53(RES-0603)
Added Component: Designator=R54(RES-0603)
Added Pin To Net: NetName=ADC_CH1 Pin=R51-2
Added Pin To Net: NetName=ADC_CH2 Pin=R52-2
Added Pin To Net: NetName=ADC_CH3 Pin=R53-2
Added Pin To Net: NetName=ADC_CH4 Pin=R54-1
Change Net Name : Old Net Name=ADC_CH1 New Net Name=NetC16_1
Change Net Name : Old Net Name=ADC_CH2 New Net Name=NetC17_2
Change Net Name : Old Net Name=ADC_CH3 New Net Name=NetC22_1
Added Pin To Net: NetName=ADC_CH1 Pin=R51-1
Added Pin To Net: NetName=ADC_CH1 Pin=U7-4
Added Net: Name=ADC_CH1
Added Pin To Net: NetName=ADC_CH2 Pin=R52-1
Added Pin To Net: NetName=ADC_CH2 Pin=U6-4
Added Net: Name=ADC_CH2
Added Pin To Net: NetName=ADC_CH3 Pin=R53-1
Added Pin To Net: NetName=ADC_CH3 Pin=U9-4
Added Net: Name=ADC_CH3
Added Pin To Net: NetName=NetC25_2 Pin=C25-2
Added Pin To Net: NetName=NetC25_2 Pin=R54-2
Added Pin To Net: NetName=NetC25_2 Pin=U11-6
Added Net: Name=NetC25_2
Added Member To Class: ClassName=ADC and IMU Member=Component R51 470
Added Member To Class: ClassName=ADC and IMU Member=Component R52 470
Added Member To Class: ClassName=ADC and IMU Member=Component R53 470
Added Member To Class: ClassName=ADC and IMU Member=Component R54 470
