Added Component: Designator=C30(CAP-0603)
Added Component: Designator=C31(CAP-0603)
Added Component: Designator=C32(CAP-0603)
Added Component: Designator=C33(CAP-0603)
Added Component: Designator=C34(CAP-0603)
Added Component: Designator=C35(CAP-0603)
Added Component: Designator=C36(CAP-0603)
Added Component: Designator=C37(CAP-0603)
Added Pin To Net: NetName=GND Pin=C30-1
Added Pin To Net: NetName=-12V Pin=C30-2
Added Pin To Net: NetName=GND Pin=C31-1
Added Pin To Net: NetName=+12V Pin=C31-2
Added Pin To Net: NetName=GND Pin=C32-1
Added Pin To Net: NetName=-12V Pin=C32-2
Added Pin To Net: NetName=GND Pin=C33-1
Added Pin To Net: NetName=+12V Pin=C33-2
Added Pin To Net: NetName=GND Pin=C34-1
Added Pin To Net: NetName=-12V Pin=C34-2
Added Pin To Net: NetName=GND Pin=C35-1
Added Pin To Net: NetName=+12V Pin=C35-2
Added Pin To Net: NetName=GND Pin=C36-1
Added Pin To Net: NetName=-12V Pin=C36-2
Added Pin To Net: NetName=GND Pin=C37-1
Added Pin To Net: NetName=+12V Pin=C37-2
Added Member To Class: ClassName=Channels [1,2] Member=Component C30 100nF ± 10%
Added Member To Class: ClassName=Channels [1,2] Member=Component C31 100nF ± 10%
Added Member To Class: ClassName=Channels [1,2] Member=Component C32 100nF ± 10%
Added Member To Class: ClassName=Channels [1,2] Member=Component C33 100nF ± 10%
Added Member To Class: ClassName=Channels [3,4] Member=Component C34 100nF ± 10%
Added Member To Class: ClassName=Channels [3,4] Member=Component C35 100nF ± 10%
Added Member To Class: ClassName=Channels [3,4] Member=Component C36 100nF ± 10%
Added Member To Class: ClassName=Channels [3,4] Member=Component C37 100nF ± 10%
