Change Component Comment : Designator=R45 Old Comment=4k7 New Comment=4k7 ± 1%
Change Component Comment : Designator=R46 Old Comment=4k7 New Comment=4k7 ± 1%
Change Component Comment : Designator=R1 Old Comment=8k ± 1% New Comment=8k ± 0.1%
Change Component Comment : Designator=R2 Old Comment=8k ± 1% New Comment=8k ± 0.1%
Change Component Comment : Designator=R9 Old Comment=8k ± 1% New Comment=8k ± 0.1%
Change Component Comment : Designator=R10 Old Comment=8k ± 1% New Comment=8k ± 0.1%
Change Component Comment : Designator=R12 Old Comment=8k ± 1% New Comment=8k ± 0.1%
Change Component Comment : Designator=R16 Old Comment=8k ± 1% New Comment=8k ± 0.1%
Change Component Comment : Designator=R22 Old Comment=8k ± 1% New Comment=8k ± 0.1%
Change Component Comment : Designator=R26 Old Comment=8k ± 1% New Comment=8k ± 0.1%
Change Component Comment : Designator=R55 Old Comment=10k New Comment=4k7 ± 1%
Change Component Comment : Designator=R62 Old Comment=10k ± 1% New Comment=4k7 ± 1%
Change Component Comment : Designator=R63 Old Comment=10k ± 1% New Comment=4k7 ± 1%
Change Component Comment : Designator=R7 Old Comment=10k ± 1% New Comment=10k ± 0.1%
Change Component Comment : Designator=R8 Old Comment=10k ± 1% New Comment=10k ± 0.1%
Change Component Comment : Designator=R15 Old Comment=10k ± 1% New Comment=10k ± 0.1%
Change Component Comment : Designator=R19 Old Comment=10k ± 1% New Comment=10k ± 0.1%
Change Component Comment : Designator=R21 Old Comment=10k ± 1% New Comment=10k ± 0.1%
Change Component Comment : Designator=R25 Old Comment=10k ± 1% New Comment=10k ± 0.1%
Change Component Comment : Designator=R29 Old Comment=10k ± 1% New Comment=10k ± 0.1%
Change Component Comment : Designator=R31 Old Comment=10k ± 1% New Comment=10k ± 0.1%
Change Component Comment : Designator=R37 Old Comment=10k ± 1% New Comment=10k ± 0.1%
Change Component Comment : Designator=R38 Old Comment=10k ± 1% New Comment=10k ± 0.1%
Change Component Comment : Designator=R41 Old Comment=10k ± 1% New Comment=10k ± 0.1%
Change Component Comment : Designator=R42 Old Comment=10k ± 1% New Comment=10k ± 0.1%
Change Component Comment : Designator=R14 Old Comment=10k ± 5% New Comment=4k7 ± 1%
Change Component Comment : Designator=R18 Old Comment=10k ± 5% New Comment=4k7 ± 1%
Change Component Comment : Designator=R24 Old Comment=10k ± 5% New Comment=4k7 ± 1%
Change Component Comment : Designator=R32 Old Comment=10k ± 5% New Comment=4k7 ± 1%
Change Component Comment : Designator=R33 Old Comment=10k ± 5% New Comment=4k7 ± 1%
Change Component Comment : Designator=R43 Old Comment=10k ± 5% New Comment=4k7 ± 1%
Change Component Comment : Designator=R44 Old Comment=10k ± 5% New Comment=4k7 ± 1%
Change Component Comment : Designator=R56 Old Comment=30k ± 1% New Comment=4k7 ± 1%
Change Component Comment : Designator=R3 Old Comment=40k ± 1% New Comment=40k ± 0.1%
Change Component Comment : Designator=R4 Old Comment=40k ± 1% New Comment=40k ± 0.1%
Change Component Comment : Designator=R11 Old Comment=40k ± 1% New Comment=40k ± 0.1%
Change Component Comment : Designator=R13 Old Comment=40k ± 1% New Comment=40k ± 0.1%
Change Component Comment : Designator=R17 Old Comment=40k ± 1% New Comment=40k ± 0.1%
Change Component Comment : Designator=R23 Old Comment=40k ± 1% New Comment=40k ± 0.1%
Change Component Comment : Designator=R27 Old Comment=40k ± 1% New Comment=40k ± 0.1%
Change Component Comment : Designator=R34 Old Comment=40k ± 1% New Comment=40k ± 0.1%
Change Component Comment : Designator=R20 Old Comment=90k ± 1% New Comment=89k8 ± 0.1%
Change Component Comment : Designator=R30 Old Comment=90k ± 1% New Comment=89k8 ± 0.1%
Change Component Comment : Designator=R39 Old Comment=90k ± 1% New Comment=89k8 ± 0.1%
Change Component Comment : Designator=R40 Old Comment=90k ± 1% New Comment=89k8 ± 0.1%
Change Component Comment : Designator=C8 Old Comment=100nF New Comment=100nF ± 10%
Change Component Comment : Designator=C9 Old Comment=100nF New Comment=100nF ± 10%
Change Component Comment : Designator=C10 Old Comment=100nF New Comment=100nF ± 10%
Change Component Comment : Designator=C11 Old Comment=100nF New Comment=100nF ± 10%
Change Component Comment : Designator=C12 Old Comment=100nF New Comment=100nF ± 10%
Change Component Comment : Designator=C13 Old Comment=100nF New Comment=100nF ± 10%
Change Component Comment : Designator=C28 Old Comment=100nF New Comment=100nF ± 10%
Change Component Comment : Designator=C29 Old Comment=100nF New Comment=100nF ± 10%
Change Component Comment : Designator=C16 Old Comment=220nF New Comment=220nF ± 10%
Change Component Comment : Designator=C17 Old Comment=220nF New Comment=220nF ± 10%
Change Component Comment : Designator=C22 Old Comment=220nF New Comment=220nF ± 10%
Change Component Comment : Designator=C23 Old Comment=220nF New Comment=220nF ± 10%
Change Component Comment : Designator=R47 Old Comment=470 New Comment=470 ± 1%
Change Component Comment : Designator=R48 Old Comment=470 New Comment=470 ± 1%
Change Component Comment : Designator=R49 Old Comment=470 New Comment=470 ± 1%
Change Component Comment : Designator=R50 Old Comment=470 New Comment=470 ± 1%
Change Component Comment : Designator=R51 Old Comment=470 New Comment=470 ± 1%
Change Component Comment : Designator=R52 Old Comment=470 New Comment=470 ± 1%
Change Component Comment : Designator=R53 Old Comment=470 New Comment=470 ± 1%
Change Component Comment : Designator=R54 Old Comment=470 New Comment=470 ± 1%
Added Component: Designator=C51(CAP-0603)
Added Component: Designator=R65(RES-0603)
Added Component: Designator=U21(TSSOP50P310X75-8N)
Added Pin To Net: NetName=GND Pin=C51-1
Added Pin To Net: NetName=3V3 Pin=C51-2
Added Pin To Net: NetName=GND Pin=R65-1
Added Pin To Net: NetName=SEEED_3V3 Pin=R65-2
Added Pin To Net: NetName=SEEED_3V3 Pin=U21-1
Added Pin To Net: NetName=AVR_RX Pin=U21-2
Added Pin To Net: NetName=AVR_TX Pin=U21-3
Added Pin To Net: NetName=GND Pin=U21-4
Added Pin To Net: NetName=AVR_TX Pin=U21-5
Added Pin To Net: NetName=AVR_RX Pin=U21-6
Added Pin To Net: NetName=SEEED_3V3 Pin=U21-7
Added Pin To Net: NetName=3V3 Pin=U21-8
Added Member To Class: ClassName=ATMega328p Member=Component C51 100nF ± 10%
Added Member To Class: ClassName=ATMega328p Member=Component R65 4k7 ± 5%
Added Member To Class: ClassName=ATMega328p Member=Component U21 7UL2G126FK
