Removed Pin From Net: NetName=ADC_CH2 Pin=U10-5
Removed Pin From Net: NetName=ADC_CH3 Pin=U10-6
Removed Pin From Net: NetName=ADC_CH4 Pin=U10-7
Added Component: Designator=C13(CAP-0603)
Added Component: Designator=R46(RES-0603)
Added Component: Designator=U11(TI-DGS10_M)
Add component (AddParameter): Name = "# Input Channels"; Value = "4"; VariantName = "[No Variations]"
Add component (AddParameter): Name = "Analog Voltage AV/DD(Max)(V)"; Value = "5.5"; VariantName = "[No Variations]"
Add component (AddParameter): Name = "Analog Voltage AV/DD(Min)(V)"; Value = "2"; VariantName = "[No Variations]"
Add component (AddParameter): Name = "Architecture"; Value = "Delta-Sigma"; VariantName = "[No Variations]"
Add component (AddParameter): Name = "Code_JEDEC"; Value = "MO-153"; VariantName = "[No Variations]"
Add component (AddParameter): Name = "ComponentLink1Description"; Value = "Manufacturer URL"; VariantName = "[No Variations]"
Add component (AddParameter): Name = "ComponentLink1URL"; Value = "http://www.ti.com/"; VariantName = "[No Variations]"
Add component (AddParameter): Name = "ComponentLink2Description"; Value = "Datasheet"; VariantName = "[No Variations]"
Add component (AddParameter): Name = "ComponentLink2URL"; Value = "http://www.ti.com/general/docs/lit/getliterature.tsp?genericPartNumber=ADS1115&fileType=pdf"; VariantName = "[No Variations]"
Add component (AddParameter): Name = "ComponentLink3Description"; Value = "Package Specification"; VariantName = "[No Variations]"
Add component (AddParameter): Name = "ComponentLink3URL"; Value = "http://www.ti.com/lit/ml/mpds035b/mpds035b.pdf"; VariantName = "[No Variations]"
Add component (AddParameter): Name = "DatasheetVersion"; Value = "SBAS444B"; VariantName = "[No Variations]"
Add component (AddParameter): Name = "Digital Supply(Max)(V)"; Value = "5.5"; VariantName = "[No Variations]"
Add component (AddParameter): Name = "Digital Supply(Min)(V)"; Value = "2"; VariantName = "[No Variations]"
Add component (AddParameter): Name = "Eco-Plan"; Value = "Green (RoHS & no Sb/Br)"; VariantName = "[No Variations]"
Add component (AddParameter): Name = "INL(Max)(+/-LSB)"; Value = "1"; VariantName = "[No Variations]"
Add component (AddParameter): Name = "Interface"; Value = "Serial I2C"; VariantName = "[No Variations]"
Add component (AddParameter): Name = "Manufacturer"; Value = "Texas Instruments"; VariantName = "[No Variations]"
Add component (AddParameter): Name = "Mounting Technology"; Value = "Surface Mount"; VariantName = "[No Variations]"
Add component (AddParameter): Name = "PackageDescription"; Value = "10-Pin Plastic Small Outline, Body 3 x 3 mm, Pitch 0.5 mm"; VariantName = "[No Variations]"
Add component (AddParameter): Name = "PackageReference"; Value = "DGS10"; VariantName = "[No Variations]"
Add component (AddParameter): Name = "PackageVersion"; Value = "4073272/C, 02/2004"; VariantName = "[No Variations]"
Add component (AddParameter): Name = "PartNumber"; Value = "ADS1115IDGST"; VariantName = "[No Variations]"
Add component (AddParameter): Name = "Resolution(Bits)"; Value = "16"; VariantName = "[No Variations]"
Add component (AddParameter): Name = "Sample Rate (max)(SPS)"; Value = "860"; VariantName = "[No Variations]"
Add component (AddParameter): Name = "SubFamily"; Value = "Precision ADC (<=10MSPS)"; VariantName = "[No Variations]"
Added Component: Designator=U12(FP-DCK0005A-IPC_B)
Add component (AddParameter): Name = "RoHS Compliant"; Value = "Yes"; VariantName = "[No Variations]"
Added Component: Designator=U13(FP-DCK0005A-IPC_B)
Add component (AddParameter): Name = "RoHS Compliant"; Value = "Yes"; VariantName = "[No Variations]"
Added Component: Designator=VR1(BOUR-TC33X-2_V)
Add component (AddParameter): Name = "Case/Package"; Value = "SMD/SMT"; VariantName = "[No Variations]"
Add component (AddParameter): Name = "Colour"; Value = "Silver"; VariantName = "[No Variations]"
Add component (AddParameter): Name = "Composition"; Value = "Potentiometer"; VariantName = "[No Variations]"
Add component (AddParameter): Name = "Contact Plating"; Value = "Silver"; VariantName = "[No Variations]"
Add component (AddParameter): Name = "Datasheet URL"; Value = "http://www.bourns.com/docs/Product-Datasheets/TC33.pdf"; VariantName = "[No Variations]"
Add component (AddParameter): Name = "Datasheet Version"; Value = "42583.0"; VariantName = "[No Variations]"
Add component (AddParameter): Name = "Depth"; Value = "3.8mm"; VariantName = "[No Variations]"
Add component (AddParameter): Name = "Height"; Value = "0.047inch"; VariantName = "[No Variations]"
Add component (AddParameter): Name = "Lead Free"; Value = "LeadFree"; VariantName = "[No Variations]"
Add component (AddParameter): Name = "Length"; Value = "3mm"; VariantName = "[No Variations]"
Add component (AddParameter): Name = "Manufacturer"; Value = "Bourns"; VariantName = "[No Variations]"
Add component (AddParameter): Name = "Manufacturer URL"; Value = "http://www.bourns.com/"; VariantName = "[No Variations]"
Add component (AddParameter): Name = "Max Operating Temperature"; Value = "100degC"; VariantName = "[No Variations]"
Add component (AddParameter): Name = "Max Power Dissipation"; Value = "100mW"; VariantName = "[No Variations]"
Add component (AddParameter): Name = "Military Standard"; Value = "Not"; VariantName = "[No Variations]"
Add component (AddParameter): Name = "Min Operating Temperature"; Value = "-40degC"; VariantName = "[No Variations]"
Add component (AddParameter): Name = "Mount"; Value = "SurfaceMount"; VariantName = "[No Variations]"
Add component (AddParameter): Name = "Number of Turns"; Value = "1"; VariantName = "[No Variations]"
Add component (AddParameter): Name = "Package Description"; Value = "3-Pin Surface Mount Device, Body 3.8 x 3.6 mm"; VariantName = "[No Variations]"
Add component (AddParameter): Name = "Package Quantity"; Value = "2500"; VariantName = "[No Variations]"
Add component (AddParameter): Name = "Package Reference"; Value = "TC33X-2"; VariantName = "[No Variations]"
Add component (AddParameter): Name = "Packaging"; Value = "TapeandReel"; VariantName = "[No Variations]"
Add component (AddParameter): Name = "Power Rating"; Value = "100mW"; VariantName = "[No Variations]"
Add component (AddParameter): Name = "Radiation Hardening"; Value = "No"; VariantName = "[No Variations]"
Add component (AddParameter): Name = "REACH SVHC"; Value = "NoSVHC"; VariantName = "[No Variations]"
Add component (AddParameter): Name = "Resistance"; Value = "10KOhm"; VariantName = "[No Variations]"
Add component (AddParameter): Name = "RoHSCompliant"; Value = "true"; VariantName = "[No Variations]"
Add component (AddParameter): Name = "Taper"; Value = "Linear"; VariantName = "[No Variations]"
Add component (AddParameter): Name = "Temperature Coefficient"; Value = "250ppm/degreesC"; VariantName = "[No Variations]"
Add component (AddParameter): Name = "Termination"; Value = "FootPrint"; VariantName = "[No Variations]"
Add component (AddParameter): Name = "Tolerance"; Value = "25%"; VariantName = "[No Variations]"
Add component (AddParameter): Name = "Voltage Rating (DC)"; Value = "50V"; VariantName = "[No Variations]"
Add component (AddParameter): Name = "Weight"; Value = "29.4mg"; VariantName = "[No Variations]"
Add component (AddParameter): Name = "Width"; Value = "0.118inch"; VariantName = "[No Variations]"
Added Component: Designator=VR2(BOUR-TC33X-2_V)
Add component (AddParameter): Name = "Case/Package"; Value = "SMD/SMT"; VariantName = "[No Variations]"
Add component (AddParameter): Name = "Colour"; Value = "Silver"; VariantName = "[No Variations]"
Add component (AddParameter): Name = "Composition"; Value = "Potentiometer"; VariantName = "[No Variations]"
Add component (AddParameter): Name = "Contact Plating"; Value = "Silver"; VariantName = "[No Variations]"
Add component (AddParameter): Name = "Datasheet URL"; Value = "http://www.bourns.com/docs/Product-Datasheets/TC33.pdf"; VariantName = "[No Variations]"
Add component (AddParameter): Name = "Datasheet Version"; Value = "42583.0"; VariantName = "[No Variations]"
Add component (AddParameter): Name = "Depth"; Value = "3.8mm"; VariantName = "[No Variations]"
Add component (AddParameter): Name = "Height"; Value = "0.047inch"; VariantName = "[No Variations]"
Add component (AddParameter): Name = "Lead Free"; Value = "LeadFree"; VariantName = "[No Variations]"
Add component (AddParameter): Name = "Length"; Value = "3mm"; VariantName = "[No Variations]"
Add component (AddParameter): Name = "Manufacturer"; Value = "Bourns"; VariantName = "[No Variations]"
Add component (AddParameter): Name = "Manufacturer URL"; Value = "http://www.bourns.com/"; VariantName = "[No Variations]"
Add component (AddParameter): Name = "Max Operating Temperature"; Value = "100degC"; VariantName = "[No Variations]"
Add component (AddParameter): Name = "Max Power Dissipation"; Value = "100mW"; VariantName = "[No Variations]"
Add component (AddParameter): Name = "Military Standard"; Value = "Not"; VariantName = "[No Variations]"
Add component (AddParameter): Name = "Min Operating Temperature"; Value = "-40degC"; VariantName = "[No Variations]"
Add component (AddParameter): Name = "Mount"; Value = "SurfaceMount"; VariantName = "[No Variations]"
Add component (AddParameter): Name = "Number of Turns"; Value = "1"; VariantName = "[No Variations]"
Add component (AddParameter): Name = "Package Description"; Value = "3-Pin Surface Mount Device, Body 3.8 x 3.6 mm"; VariantName = "[No Variations]"
Add component (AddParameter): Name = "Package Quantity"; Value = "2500"; VariantName = "[No Variations]"
Add component (AddParameter): Name = "Package Reference"; Value = "TC33X-2"; VariantName = "[No Variations]"
Add component (AddParameter): Name = "Packaging"; Value = "TapeandReel"; VariantName = "[No Variations]"
Add component (AddParameter): Name = "Power Rating"; Value = "100mW"; VariantName = "[No Variations]"
Add component (AddParameter): Name = "Radiation Hardening"; Value = "No"; VariantName = "[No Variations]"
Add component (AddParameter): Name = "REACH SVHC"; Value = "NoSVHC"; VariantName = "[No Variations]"
Add component (AddParameter): Name = "Resistance"; Value = "10KOhm"; VariantName = "[No Variations]"
Add component (AddParameter): Name = "RoHSCompliant"; Value = "true"; VariantName = "[No Variations]"
Add component (AddParameter): Name = "Taper"; Value = "Linear"; VariantName = "[No Variations]"
Add component (AddParameter): Name = "Temperature Coefficient"; Value = "250ppm/degreesC"; VariantName = "[No Variations]"
Add component (AddParameter): Name = "Termination"; Value = "FootPrint"; VariantName = "[No Variations]"
Add component (AddParameter): Name = "Tolerance"; Value = "25%"; VariantName = "[No Variations]"
Add component (AddParameter): Name = "Voltage Rating (DC)"; Value = "50V"; VariantName = "[No Variations]"
Add component (AddParameter): Name = "Weight"; Value = "29.4mg"; VariantName = "[No Variations]"
Add component (AddParameter): Name = "Width"; Value = "0.118inch"; VariantName = "[No Variations]"
Added Pin To Net: NetName=GND Pin=C13-1
Added Pin To Net: NetName=3V3 Pin=C13-2
Added Pin To Net: NetName=3V3 Pin=R46-2
Added Pin To Net: NetName=ADC_CH2 Pin=U10-6
Added Pin To Net: NetName=GND Pin=U11-1
Added Pin To Net: NetName=GND Pin=U11-3
Added Pin To Net: NetName=ADC_CH3 Pin=U11-4
Added Pin To Net: NetName=ADC_CH4 Pin=U11-6
Added Pin To Net: NetName=3V3 Pin=U11-8
Added Pin To Net: NetName=I2C_SDA Pin=U11-9
Added Pin To Net: NetName=I2C_SCL Pin=U11-10
Added Pin To Net: NetName=GND Pin=U12-2
Added Pin To Net: NetName=3V3 Pin=U12-5
Added Pin To Net: NetName=GND Pin=U13-2
Added Pin To Net: NetName=3V3 Pin=U13-5
Added Pin To Net: NetName=GND Pin=VR1-1
Added Pin To Net: NetName=3V3 Pin=VR1-3
Added Pin To Net: NetName=GND Pin=VR2-1
Added Pin To Net: NetName=3V3 Pin=VR2-3
Change Net Name : Old Net Name=ADC_RDY New Net Name=ADC1_RDY
Added Pin To Net: NetName=ADC1_VREF Pin=U10-5
Added Pin To Net: NetName=ADC1_VREF Pin=U10-7
Added Pin To Net: NetName=ADC1_VREF Pin=U12-3
Added Pin To Net: NetName=ADC1_VREF Pin=U12-4
Added Net: Name=ADC1_VREF
Added Pin To Net: NetName=ADC2_RDY Pin=R46-1
Added Pin To Net: NetName=ADC2_RDY Pin=U11-2
Added Net: Name=ADC2_RDY
Added Pin To Net: NetName=ADC2_VREF Pin=U11-5
Added Pin To Net: NetName=ADC2_VREF Pin=U11-7
Added Pin To Net: NetName=ADC2_VREF Pin=U13-3
Added Pin To Net: NetName=ADC2_VREF Pin=U13-4
Added Net: Name=ADC2_VREF
Added Pin To Net: NetName=NetU12_1 Pin=U12-1
Added Pin To Net: NetName=NetU12_1 Pin=VR1-2
Added Net: Name=NetU12_1
Added Pin To Net: NetName=NetU13_1 Pin=U13-1
Added Pin To Net: NetName=NetU13_1 Pin=VR2-2
Added Net: Name=NetU13_1
Added Member To Class: ClassName=ADC and IMU Member=Component C13 100nF
Added Member To Class: ClassName=ADC and IMU Member=Component R46 4k7
Added Member To Class: ClassName=Channels [1,2] Member=Component U5 LM324BIPWR
Added Member To Class: ClassName=ADC and IMU Member=Component U11 ADS1115IDGST
Added Member To Class: ClassName=ADC and IMU Member=Component U12 LM321LVIDCKR
Added Member To Class: ClassName=ADC and IMU Member=Component U13 LM321LVIDCKR
Added Member To Class: ClassName=ADC and IMU Member=Component VR1 TC33X-2-103E
Added Member To Class: ClassName=ADC and IMU Member=Component VR2 TC33X-2-103E
