Change Component Comment : Designator=R58 Old Comment=10k ± 1% New Comment=1k ± 1%
Change Component Comment : Designator=R1 Old Comment=30k ± 1% New Comment=8k ± 1%
Change Component Comment : Designator=R2 Old Comment=30k ± 1% New Comment=8k ± 1%
Change Component Comment : Designator=R9 Old Comment=30k ± 1% New Comment=8k ± 1%
Change Component Comment : Designator=R10 Old Comment=30k ± 1% New Comment=8k ± 1%
Change Component Comment : Designator=R12 Old Comment=30k ± 1% New Comment=8k ± 1%
Change Component Comment : Designator=R16 Old Comment=30k ± 1% New Comment=8k ± 1%
Change Component Comment : Designator=R22 Old Comment=30k ± 1% New Comment=8k ± 1%
Change Component Comment : Designator=R26 Old Comment=30k ± 1% New Comment=8k ± 1%
Change Component Comment : Designator=R7 Old Comment=30k ± 1% New Comment=10k ± 1%
Change Component Comment : Designator=R8 Old Comment=30k ± 1% New Comment=10k ± 1%
Change Component Comment : Designator=R15 Old Comment=30k ± 1% New Comment=10k ± 1%
Change Component Comment : Designator=R19 Old Comment=30k ± 1% New Comment=10k ± 1%
Change Component Comment : Designator=R21 Old Comment=30k ± 1% New Comment=10k ± 1%
Change Component Comment : Designator=R25 Old Comment=30k ± 1% New Comment=10k ± 1%
Change Component Comment : Designator=R29 Old Comment=30k ± 1% New Comment=10k ± 1%
Change Component Comment : Designator=R31 Old Comment=30k ± 1% New Comment=10k ± 1%
Change Component Comment : Designator=R37 Old Comment=30k ± 1% New Comment=10k ± 1%
Change Component Comment : Designator=R38 Old Comment=30k ± 1% New Comment=10k ± 1%
Change Component Comment : Designator=R42 Old Comment=30k ± 1% New Comment=10k ± 1%
Change Component Comment : Designator=R3 Old Comment=30k ± 1% New Comment=40k ± 1%
Change Component Comment : Designator=R4 Old Comment=30k ± 1% New Comment=40k ± 1%
Change Component Comment : Designator=R11 Old Comment=30k ± 1% New Comment=40k ± 1%
Change Component Comment : Designator=R13 Old Comment=30k ± 1% New Comment=40k ± 1%
Change Component Comment : Designator=R17 Old Comment=30k ± 1% New Comment=40k ± 1%
Change Component Comment : Designator=R23 Old Comment=30k ± 1% New Comment=40k ± 1%
Change Component Comment : Designator=R27 Old Comment=30k ± 1% New Comment=40k ± 1%
Change Component Comment : Designator=R34 Old Comment=30k ± 1% New Comment=40k ± 1%
Change Component Comment : Designator=R20 Old Comment=30k ± 1% New Comment=90k ± 1%
Change Component Comment : Designator=R30 Old Comment=30k ± 1% New Comment=90k ± 1%
Change Component Comment : Designator=R40 Old Comment=30k ± 1% New Comment=90k ± 1%
Added Member To Class: ClassName=ADC and IMU Member=Component C16 220nF
Added Member To Class: ClassName=ADC and IMU Member=Component C17 220nF
Added Member To Class: ClassName=ADC and IMU Member=Component C18 22nF
Added Member To Class: ClassName=ADC and IMU Member=Component C19 22nF
Added Member To Class: ClassName=ADC and IMU Member=Component C20 22nF
Added Member To Class: ClassName=ADC and IMU Member=Component C21 22nF
Added Member To Class: ClassName=ADC and IMU Member=Component C22 220nF
Added Member To Class: ClassName=ADC and IMU Member=Component C23 220nF
Added Member To Class: ClassName=ADC and IMU Member=Component C24 22nF
Added Member To Class: ClassName=ADC and IMU Member=Component C25 22nF
Added Member To Class: ClassName=ADC and IMU Member=Component C26 22nF
Added Member To Class: ClassName=ADC and IMU Member=Component C27 22nF
Added Member To Class: ClassName=Power Member=Component F1 0466001.NR
Added Member To Class: ClassName=Power Member=Component F2 0466001.NR
Added Member To Class: ClassName=Power Member=Component J1 691137710004
Added Member To Class: ClassName=Power Member=Component J2 691137710004
Added Member To Class: ClassName=Power Member=Component J6 282836-2
Added Member To Class: ClassName=Power Member=Component J7 282836-2
Added Member To Class: ClassName=Power Member=Component J8 22-05-3031
Added Member To Class: ClassName=ADC and IMU Member=Component R47 470
Added Member To Class: ClassName=ADC and IMU Member=Component R48 470
Added Member To Class: ClassName=ADC and IMU Member=Component R49 470
Added Member To Class: ClassName=ADC and IMU Member=Component R50 470
Added Member To Class: ClassName=ADC and IMU Member=Component R51 470
Added Member To Class: ClassName=ADC and IMU Member=Component R52 470
Added Member To Class: ClassName=ADC and IMU Member=Component R53 470
Added Member To Class: ClassName=ADC and IMU Member=Component R54 470
