Added Component: Designator=C38(CAP-0805)
Added Component: Designator=C39(CAP-0603)
Added Component: Designator=C40(CAP-0603)
Added Component: Designator=J3(61301611821)
Add component (AddParameter): Name = "Contact Material"; Value = "Copper"; VariantName = "[No Variations]"
Add component (AddParameter): Name = "Contact Resistance"; Value = "20mO"; VariantName = "[No Variations]"
Add component (AddParameter): Name = "Current Rating"; Value = "3A"; VariantName = "[No Variations]"
Add component (AddParameter): Name = "Gender"; Value = "Female"; VariantName = "[No Variations]"
Add component (AddParameter): Name = "Lead Free"; Value = "Lead Free"; VariantName = "[No Variations]"
Add component (AddParameter): Name = "Lead Pitch"; Value = "2.54mm"; VariantName = "[No Variations]"
Add component (AddParameter): Name = "NexarPartId"; Value = "23389750"; VariantName = "[No Variations]"
Add component (AddParameter): Name = "Number of Pins"; Value = "16"; VariantName = "[No Variations]"
Add component (AddParameter): Name = "Operating Supply Voltage"; Value = "250V"; VariantName = "[No Variations]"
Add component (AddParameter): Name = "Orientation"; Value = "Vertical"; VariantName = "[No Variations]"
Add component (AddParameter): Name = "RoHS"; Value = "Compliant"; VariantName = "[No Variations]"
Added Component: Designator=J4(SMTC-SSQ-107-01-X-S)
Add component (AddParameter): Name = "ComponentLink1Description"; Value = "Manufacturer URL"; VariantName = "[No Variations]"
Add component (AddParameter): Name = "ComponentLink1URL"; Value = "http://www.samtec.com"; VariantName = "[No Variations]"
Add component (AddParameter): Name = "ComponentLink2Description"; Value = "Datasheet"; VariantName = "[No Variations]"
Add component (AddParameter): Name = "ComponentLink2URL"; Value = "http://www.samtec.com/documents/webfiles/pdf/SSQ_TH.PDF"; VariantName = "[No Variations]"
Add component (AddParameter): Name = "ComponentLink3Description"; Value = "Package Specification"; VariantName = "[No Variations]"
Add component (AddParameter): Name = "ComponentLink3URL"; Value = "http://www.samtec.com/documents/webfiles/cpdf/SSQ-1XX-XX-XXX-X-XX-XXX-XX-X-MKT.pdf"; VariantName = "[No Variations]"
Add component (AddParameter): Name = "DatasheetVersion"; Value = "F-214"; VariantName = "[No Variations]"
Add component (AddParameter): Name = "Manufacturer"; Value = "Samtec"; VariantName = "[No Variations]"
Add component (AddParameter): Name = "Mounting Technology"; Value = "Through-hole"; VariantName = "[No Variations]"
Add component (AddParameter): Name = "Orientation"; Value = "Vertical"; VariantName = "[No Variations]"
Add component (AddParameter): Name = "PackageDescription"; Value = "Assembly, Socket Strip .025[0.64] SQ Tail"; VariantName = "[No Variations]"
Add component (AddParameter): Name = "PackageReference"; Value = "SSQ-107-01-X-S"; VariantName = "[No Variations]"
Add component (AddParameter): Name = "PackageVersion"; Value = "BD, 6/1987"; VariantName = "[No Variations]"
Add component (AddParameter): Name = "PartNumber"; Value = "SSQ-107-01-T-S"; VariantName = "[No Variations]"
Add component (AddParameter): Name = "Pitch"; Value = "2.54 mm"; VariantName = "[No Variations]"
Add component (AddParameter): Name = "RoHS"; Value = "True"; VariantName = "[No Variations]"
Add component (AddParameter): Name = "Temperature Range"; Value = "-55 to 105 degC"; VariantName = "[No Variations]"
Added Component: Designator=J5(SMTC-SSQ-107-01-X-S)
Add component (AddParameter): Name = "ComponentLink1Description"; Value = "Manufacturer URL"; VariantName = "[No Variations]"
Add component (AddParameter): Name = "ComponentLink1URL"; Value = "http://www.samtec.com"; VariantName = "[No Variations]"
Add component (AddParameter): Name = "ComponentLink2Description"; Value = "Datasheet"; VariantName = "[No Variations]"
Add component (AddParameter): Name = "ComponentLink2URL"; Value = "http://www.samtec.com/documents/webfiles/pdf/SSQ_TH.PDF"; VariantName = "[No Variations]"
Add component (AddParameter): Name = "ComponentLink3Description"; Value = "Package Specification"; VariantName = "[No Variations]"
Add component (AddParameter): Name = "ComponentLink3URL"; Value = "http://www.samtec.com/documents/webfiles/cpdf/SSQ-1XX-XX-XXX-X-XX-XXX-XX-X-MKT.pdf"; VariantName = "[No Variations]"
Add component (AddParameter): Name = "DatasheetVersion"; Value = "F-214"; VariantName = "[No Variations]"
Add component (AddParameter): Name = "Manufacturer"; Value = "Samtec"; VariantName = "[No Variations]"
Add component (AddParameter): Name = "Mounting Technology"; Value = "Through-hole"; VariantName = "[No Variations]"
Add component (AddParameter): Name = "Orientation"; Value = "Vertical"; VariantName = "[No Variations]"
Add component (AddParameter): Name = "PackageDescription"; Value = "Assembly, Socket Strip .025[0.64] SQ Tail"; VariantName = "[No Variations]"
Add component (AddParameter): Name = "PackageReference"; Value = "SSQ-107-01-X-S"; VariantName = "[No Variations]"
Add component (AddParameter): Name = "PackageVersion"; Value = "BD, 6/1987"; VariantName = "[No Variations]"
Add component (AddParameter): Name = "PartNumber"; Value = "SSQ-107-01-T-S"; VariantName = "[No Variations]"
Add component (AddParameter): Name = "Pitch"; Value = "2.54 mm"; VariantName = "[No Variations]"
Add component (AddParameter): Name = "RoHS"; Value = "True"; VariantName = "[No Variations]"
Add component (AddParameter): Name = "Temperature Range"; Value = "-55 to 105 degC"; VariantName = "[No Variations]"
Added Component: Designator=U16(TO-252_L)
Add component (AddParameter): Name = "ComponentLink1Description"; Value = "Manufacturer URL"; VariantName = "[No Variations]"
Add component (AddParameter): Name = "ComponentLink1URL"; Value = "http://www.st.com"; VariantName = "[No Variations]"
Add component (AddParameter): Name = "ComponentLink2Description"; Value = "Datasheet"; VariantName = "[No Variations]"
Add component (AddParameter): Name = "ComponentLink2URL"; Value = "http://www.st.com/internet/com/TECHNICAL_RESOURCES/TECHNICAL_LITERATURE/DATASHEET/CD00001884.pdf"; VariantName = "[No Variations]"
Add component (AddParameter): Name = "DatasheetVersion"; Value = "11/07/2011"; VariantName = "[No Variations]"
Add component (AddParameter): Name = "PackageDescription"; Value = "3-Pin Transistor Outline Package 2.28 mm Pitch, 9.7 mm Lead Span (DPAK)"; VariantName = "[No Variations]"
Add component (AddParameter): Name = "PackageReference"; Value = "TO-252"; VariantName = "[No Variations]"
Add component (AddParameter): Name = "PackageVersion"; Value = "2011"; VariantName = "[No Variations]"
Added Pin To Net: NetName=GND Pin=C38-1
Added Pin To Net: NetName=+12V Pin=C38-2
Added Pin To Net: NetName=GND Pin=C39-1
Added Pin To Net: NetName=+12V Pin=C39-2
Added Pin To Net: NetName=GND Pin=C40-1
Added Pin To Net: NetName=3V3 Pin=C40-2
Added Pin To Net: NetName=GND Pin=J3-1
Added Pin To Net: NetName=3V3 Pin=J3-2
Added Pin To Net: NetName=3V3 Pin=J3-3
Added Pin To Net: NetName=3V3 Pin=J3-15
Added Pin To Net: NetName=GND Pin=J3-16
Added Pin To Net: NetName=GND Pin=J5-3
Added Pin To Net: NetName=GND Pin=U16-1
Added Pin To Net: NetName=+12V Pin=U16-3
Added Pin To Net: NetName=3V3 Pin=U16-4
Added Pin To Net: NetName=LCD_D4 Pin=J3-11
Added Net: Name=LCD_D4
Added Pin To Net: NetName=LCD_D5 Pin=J3-12
Added Net: Name=LCD_D5
Added Pin To Net: NetName=LCD_D6 Pin=J3-13
Added Net: Name=LCD_D6
Added Pin To Net: NetName=LCD_D7 Pin=J3-14
Added Net: Name=LCD_D7
Added Pin To Net: NetName=LCD_E Pin=J3-6
Added Net: Name=LCD_E
Added Pin To Net: NetName=LCD_RS Pin=J3-4
Added Net: Name=LCD_RS
Added Pin To Net: NetName=LCD_RW Pin=J3-5
Added Net: Name=LCD_RW
Added Pin To Net: NetName=SEED_3V3 Pin=J5-2
Added Net: Name=SEED_3V3
Added Pin To Net: NetName=SEED_5V Pin=J5-1
Added Net: Name=SEED_5V
Added Pin To Net: NetName=SEED_RX Pin=J5-7
Added Net: Name=SEED_RX
Added Pin To Net: NetName=SEED_TX Pin=J4-7
Added Net: Name=SEED_TX
Added Class: Name=Power
Added Rule: Name=Schematic Supply Nets_4
Added Rule: Name=Schematic Supply Nets_5
