Change Physical Footprint: Designator=C2 Old Footprint=CAP-0603 New Footprint=CAP-0603
Change Physical Footprint: Designator=C3 Old Footprint=CAP-0603 New Footprint=CAP-0603
Change Physical Footprint: Designator=C4 Old Footprint=CAP-0603 New Footprint=CAP-0603
Change Physical Footprint: Designator=C5 Old Footprint=CAP-0603 New Footprint=CAP-0603
Change Physical Footprint: Designator=C6 Old Footprint=CAP-0603 New Footprint=CAP-0603
Change Physical Footprint: Designator=C7 Old Footprint=CAP-0603 New Footprint=CAP-0603
Change Physical Footprint: Designator=C8 Old Footprint=CAP-0603 New Footprint=CAP-0603
Change Physical Footprint: Designator=C9 Old Footprint=CAP-0603 New Footprint=CAP-0603
Change Physical Footprint: Designator=C10 Old Footprint=CAP-0603 New Footprint=CAP-0603
Change Physical Footprint: Designator=C11 Old Footprint=CAP-0603 New Footprint=CAP-0603
Change Physical Footprint: Designator=C12 Old Footprint=CAP-0603 New Footprint=CAP-0603
Change Physical Footprint: Designator=C13 Old Footprint=CAP-0603 New Footprint=CAP-0603
Change Physical Footprint: Designator=C14 Old Footprint=CAP-0603 New Footprint=CAP-0603
Change Physical Footprint: Designator=C15 Old Footprint=CAP-0603 New Footprint=CAP-0603
Change Physical Footprint: Designator=C16 Old Footprint=CAP-0603 New Footprint=CAP-0603
Change Physical Footprint: Designator=C17 Old Footprint=CAP-0603 New Footprint=CAP-0603
Change Physical Footprint: Designator=C18 Old Footprint=CAP-0603 New Footprint=CAP-0603
Change Physical Footprint: Designator=C19 Old Footprint=CAP-0603 New Footprint=CAP-0603
Change Physical Footprint: Designator=C20 Old Footprint=CAP-0603 New Footprint=CAP-0603
Change Physical Footprint: Designator=C21 Old Footprint=CAP-0603 New Footprint=CAP-0603
Change Physical Footprint: Designator=C22 Old Footprint=CAP-0603 New Footprint=CAP-0603
Change Physical Footprint: Designator=C23 Old Footprint=CAP-0603 New Footprint=CAP-0603
Change Physical Footprint: Designator=C24 Old Footprint=CAP-0603 New Footprint=CAP-0603
Change Physical Footprint: Designator=C25 Old Footprint=CAP-0603 New Footprint=CAP-0603
Change Physical Footprint: Designator=C26 Old Footprint=CAP-0603 New Footprint=CAP-0603
Change Physical Footprint: Designator=C27 Old Footprint=CAP-0603 New Footprint=CAP-0603
Change Physical Footprint: Designator=C28 Old Footprint=CAP-0603 New Footprint=CAP-0603
Change Physical Footprint: Designator=C29 Old Footprint=CAP-0603 New Footprint=CAP-0603
Change Physical Footprint: Designator=C30 Old Footprint=CAP-0603 New Footprint=CAP-0603
Change Physical Footprint: Designator=C31 Old Footprint=CAP-0603 New Footprint=CAP-0603
Change Physical Footprint: Designator=C32 Old Footprint=CAP-0603 New Footprint=CAP-0603
Change Physical Footprint: Designator=C33 Old Footprint=CAP-0603 New Footprint=CAP-0603
Change Physical Footprint: Designator=C34 Old Footprint=CAP-0603 New Footprint=CAP-0603
Change Physical Footprint: Designator=C35 Old Footprint=CAP-0603 New Footprint=CAP-0603
Change Physical Footprint: Designator=C36 Old Footprint=CAP-0603 New Footprint=CAP-0603
Change Physical Footprint: Designator=C37 Old Footprint=CAP-0603 New Footprint=CAP-0603
Change Physical Footprint: Designator=C39 Old Footprint=CAP-0603 New Footprint=CAP-0603
Change Physical Footprint: Designator=C40 Old Footprint=CAP-0603 New Footprint=CAP-0603
Change Physical Footprint: Designator=C41 Old Footprint=CAP-0603 New Footprint=CAP-0603
Change Physical Footprint: Designator=C42 Old Footprint=CAP-0603 New Footprint=CAP-0603
Change Physical Footprint: Designator=C43 Old Footprint=CAP-0603 New Footprint=CAP-0603
Change Physical Footprint: Designator=C44 Old Footprint=CAP-0603 New Footprint=CAP-0603
Change Physical Footprint: Designator=C45 Old Footprint=CAP-0603 New Footprint=CAP-0603
Change Physical Footprint: Designator=C46 Old Footprint=CAP-0603 New Footprint=CAP-0603
Change Physical Footprint: Designator=C47 Old Footprint=CAP-0603 New Footprint=CAP-0603
Change Physical Footprint: Designator=C48 Old Footprint=CAP-0603 New Footprint=CAP-0603
Change Physical Footprint: Designator=C50 Old Footprint=CAP-0805 New Footprint=CAP-0805
Change Physical Footprint: Designator=C52 Old Footprint=CAP-0603 New Footprint=CAP-0603
Change Physical Footprint: Designator=C53 Old Footprint=CAP-0603 New Footprint=CAP-0603
Change Physical Footprint: Designator=DISP1 Old Footprint=ERM2004 40x2 LCD New Footprint=ERM2004 40x2 LCD
Change Physical Footprint: Designator=J1 Old Footprint=691137710004 New Footprint=691137710004
Change Physical Footprint: Designator=J2 Old Footprint=691137710004 New Footprint=691137710004
Change Physical Footprint: Designator=J3 Old Footprint=61200621621 New Footprint=61200621621
Change Physical Footprint: Designator=J6 Old Footprint=TECO-282836-2_V New Footprint=TECO-282836-2_V
Change Physical Footprint: Designator=J8 Old Footprint=FP-22-05-3031-MFG New Footprint=FP-22-05-3031-MFG
Change Physical Footprint: Designator=LED1 Old Footprint=0603 LED New Footprint=0603 LED
Change Physical Footprint: Designator=LED2 Old Footprint=0603 LED New Footprint=0603 LED
Change Physical Footprint: Designator=LED3 Old Footprint=0603 LED New Footprint=0603 LED
Change Physical Footprint: Designator=LED4 Old Footprint=0603 LED New Footprint=0603 LED
Change Physical Footprint: Designator=LED5 Old Footprint=0603 LED New Footprint=0603 LED
Change Physical Footprint: Designator=LED6 Old Footprint=0603 LED New Footprint=0603 LED
Change Physical Footprint: Designator=LED7 Old Footprint=0603 LED New Footprint=0603 LED
Change Physical Footprint: Designator=LED8 Old Footprint=0603 LED New Footprint=0603 LED
Change Physical Footprint: Designator=LED9 Old Footprint=0603 LED New Footprint=0603 LED
Change Physical Footprint: Designator=LED10 Old Footprint=0603 LED New Footprint=0603 LED
Change Physical Footprint: Designator=LED11 Old Footprint=0603 LED New Footprint=0603 LED
Change Physical Footprint: Designator=LED12 Old Footprint=0603 LED New Footprint=0603 LED
Change Physical Footprint: Designator=LED13 Old Footprint=0603 LED New Footprint=0603 LED
Change Physical Footprint: Designator=LED14 Old Footprint=0603 LED New Footprint=0603 LED
Change Physical Footprint: Designator=LED15 Old Footprint=0603 LED New Footprint=0603 LED
Change Physical Footprint: Designator=LED16 Old Footprint=0603 LED New Footprint=0603 LED
Change Physical Footprint: Designator=LED17 Old Footprint=0603 LED New Footprint=0603 LED
Change Physical Footprint: Designator=R2 Old Footprint=RES-0603 New Footprint=RES-0603
Change Physical Footprint: Designator=R3 Old Footprint=RES-0603 New Footprint=RES-0603
Change Physical Footprint: Designator=R6 Old Footprint=RES-0603 New Footprint=RES-0603
Change Physical Footprint: Designator=R14 Old Footprint=RES-0603 New Footprint=RES-0603
Change Physical Footprint: Designator=R15 Old Footprint=RES-0603 New Footprint=RES-0603
Change Physical Footprint: Designator=R16 Old Footprint=RES-0603 New Footprint=RES-0603
Change Physical Footprint: Designator=R18 Old Footprint=RES-0603 New Footprint=RES-0603
Change Physical Footprint: Designator=R21 Old Footprint=RES-0603 New Footprint=RES-0603
Change Physical Footprint: Designator=R23 Old Footprint=RES-0603 New Footprint=RES-0603
Change Physical Footprint: Designator=R24 Old Footprint=RES-0603 New Footprint=RES-0603
Change Physical Footprint: Designator=R25 Old Footprint=RES-0603 New Footprint=RES-0603
Change Physical Footprint: Designator=R26 Old Footprint=RES-0603 New Footprint=RES-0603
Change Physical Footprint: Designator=R27 Old Footprint=RES-0603 New Footprint=RES-0603
Change Physical Footprint: Designator=R29 Old Footprint=RES-0603 New Footprint=RES-0603
Change Physical Footprint: Designator=R30 Old Footprint=RES-0603 New Footprint=RES-0603
Change Physical Footprint: Designator=R39 Old Footprint=RES-0603 New Footprint=RES-0603
Change Physical Footprint: Designator=R40 Old Footprint=RES-0603 New Footprint=RES-0603
Change Physical Footprint: Designator=R41 Old Footprint=RES-0603 New Footprint=RES-0603
Change Physical Footprint: Designator=R42 Old Footprint=RES-0603 New Footprint=RES-0603
Change Physical Footprint: Designator=R44 Old Footprint=RES-0603 New Footprint=RES-0603
Change Physical Footprint: Designator=R45 Old Footprint=RES-0603 New Footprint=RES-0603
Change Physical Footprint: Designator=R53 Old Footprint=RES-0603 New Footprint=RES-0603
Change Physical Footprint: Designator=R55 Old Footprint=RESC1609X50X30NL8T20 New Footprint=RESC1609X50X30NL8T20
Change Physical Footprint: Designator=R56 Old Footprint=RES-0603 New Footprint=RES-0603
Change Physical Footprint: Designator=R57 Old Footprint=RES-0603 New Footprint=RES-0603
Change Physical Footprint: Designator=R59 Old Footprint=RES-0603 New Footprint=RES-0603
Change Physical Footprint: Designator=R61 Old Footprint=RES-0603 New Footprint=RES-0603
Change Physical Footprint: Designator=R62 Old Footprint=RES-0603 New Footprint=RES-0603
Change Physical Footprint: Designator=R64 Old Footprint=RES-0603 New Footprint=RES-0603
Change Physical Footprint: Designator=R71 Old Footprint=RES-0603 New Footprint=RES-0603
Change Physical Footprint: Designator=R72 Old Footprint=RES-0603 New Footprint=RES-0603
Change Physical Footprint: Designator=SW2 Old Footprint=TECO-FSM4JSMATR_V New Footprint=TECO-FSM4JSMATR_V
Change Physical Footprint: Designator=U1 Old Footprint=FP-PW0014A-MFG New Footprint=FP-PW0014A-MFG
Change Physical Footprint: Designator=U2 Old Footprint=FP-PW0014A-MFG New Footprint=FP-PW0014A-MFG
Change Physical Footprint: Designator=U3 Old Footprint=32A_M New Footprint=32A_M
Change Physical Footprint: Designator=U4 Old Footprint=FP-PW0014A-MFG New Footprint=FP-PW0014A-MFG
Change Physical Footprint: Designator=U5 Old Footprint=FP-PW0014A-MFG New Footprint=FP-PW0014A-MFG
Change Physical Footprint: Designator=U8 Old Footprint=FP-DCK0006A-IPC_B New Footprint=FP-DCK0006A-IPC_B
Change Physical Footprint: Designator=U10 Old Footprint=TI-DGS10_M New Footprint=TI-DGS10_M
Change Physical Footprint: Designator=U11 Old Footprint=TI-DGS10_M New Footprint=TI-DGS10_M
Change Physical Footprint: Designator=U12 Old Footprint=FP-DCK0005A-IPC_B New Footprint=FP-DCK0005A-IPC_B
Change Physical Footprint: Designator=U13 Old Footprint=FP-DCK0005A-IPC_B New Footprint=FP-DCK0005A-IPC_B
Change Physical Footprint: Designator=U14 Old Footprint=FP-LGA-16-7983231-MFG New Footprint=FP-LGA-16-7983231-MFG
Change Physical Footprint: Designator=U15 Old Footprint=SOP64P600X175-24N New Footprint=SOP64P600X175-24N
Change Physical Footprint: Designator=U16 Old Footprint=DCY0004A_N New Footprint=DCY0004A_N
Change Physical Footprint: Designator=U17 Old Footprint=SO-8_STM New Footprint=SO-8_STM
Change Physical Footprint: Designator=U18 Old Footprint=SO-8_STM New Footprint=SO-8_STM
Change Physical Footprint: Designator=U19 Old Footprint=DRL0006A-MFG New Footprint=DRL0006A-MFG
Change Physical Footprint: Designator=U20 Old Footprint=SEEEDUINO XIAO New Footprint=SEEEDUINO XIAO
Change Physical Footprint: Designator=VR2 Old Footprint=BOUR-TC33X-2_V New Footprint=BOUR-TC33X-2_V
Change Physical Footprint: Designator=VR3 Old Footprint=BOUR-TC33X-2_V New Footprint=BOUR-TC33X-2_V
Change Physical Footprint: Designator=VR4 Old Footprint=BOUR-TC33X-2_V New Footprint=BOUR-TC33X-2_V
Change Physical Footprint: Designator=Y1 Old Footprint=FP-ABM7-MFG New Footprint=FP-ABM7-MFG
