Removed Pin From Net: NetName=GND Pin=D2-2
Removed Pin From Net: NetName=3V3 Pin=D3-1
Removed Pin From Net: NetName=3V3 Pin=R1-2
Removed Pin From Net: NetName=IN_CH1_BUFF Pin=R2-2
Removed Pin From Net: NetName=GND Pin=R4-1
Removed Pin From Net: NetName=3V3 Pin=R5-2
Removed Pin From Net: NetName=GND Pin=R8-1
Removed Pin From Net: NetName=NetR5_1 Pin=R8-2
Removed Pin From Net: NetName=GND Pin=R9-2
Removed Pin From Net: NetName=GND Pin=R11-1
Removed Pin From Net: NetName=NetR10_2 Pin=R11-2
Removed Pin From Net: NetName=IN_CH1_BUFF Pin=U1-1
Removed Pin From Net: NetName=IN_CH1_BUFF Pin=U1-2
Removed Pin From Net: NetName=IN_CH1 Pin=U1-3
Removed Pin From Net: NetName=NetR10_2 Pin=U1-9
Removed Pin From Net: NetName=IN_CH1_BUFF Pin=U1-10
Removed Pin From Net: NetName=NetR5_1 Pin=U1-12
Removed Pin From Net: NetName=GND Pin=U2-2
Removed Pin From Net: NetName=ADC_CH1 Pin=U2-4
Removed Pin From Net: NetName=3V3 Pin=U2-5
Removed Pin From Net: NetName=NetR6_1 Pin=VR2-2
Removed Pin From Net: NetName=NetR5_1 Pin=VR2-3
Change Component Footprint: Designator=U2 Old Footprint=FP-DCK0006A-IPC_B New Footprint=FP-PW0014A-MFG
Change Component Comment : Designator=R9 Old Comment=10k New Comment=30k ± 1%
Change Component Comment : Designator=R2 Old Comment=30k New Comment=30k ± 1%
Change Component Comment : Designator=R6 Old Comment=30k New Comment=30k ± 5%
Change Component Comment : Designator=R1 Old Comment=RES-0603 New Comment=30k ± 1%
Change Component Comment : Designator=R3 Old Comment=RES-0603 New Comment=30k ± 1%
Change Component Comment : Designator=R4 Old Comment=RES-0603 New Comment=30k ± 1%
Change Component Comment : Designator=R7 Old Comment=RES-0603 New Comment=30k ± 1%
Change Component Comment : Designator=R8 Old Comment=RES-0603 New Comment=30k ± 1%
Change Component Comment : Designator=R10 Old Comment=RES-0603 New Comment=30k ± 1%
Change Component Comment : Designator=R11 Old Comment=RES-0603 New Comment=30k ± 1%
Change Component Comment : Designator=R5 Old Comment=RES-0603 New Comment=30k ± 5%
Change Component Comment : Designator=U2 Old Comment=SN74LVC1G3157DCKR New Comment=LM324BIPWR
Change Component Comment : Designator=VR1 Old Comment=TC33X-2-103E New Comment=10k
Change Component Comment : Designator=VR2 Old Comment=TC33X-2-103E New Comment=10k
Change Managed Component Library Link : Designator=U2 Old VaultGUID=B7D15EC3-160A-466F-A46C-7801FE6295A7 New VaultGUID=B7D15EC3-160A-466F-A46C-7801FE6295A7 Old ItemGUID=0E4DF2C4-85EC-44CA-AB3E-F419359E2F4E New ItemGUID=1E7A31B3-30C1-4C96-957D-78B4599509BE Old RevisionGUID=D12E3947-DCE6-4133-892B-331ACBB34D0E New RevisionGUID=F91DD19A-4958-431D-8865-B3EE2CDC07CD
Change component parameters: Designator = "U2" ("U2"); Footprint = "FP-DCK0006A-IPC_B"; UniqueID = "\JKBYEEZM" ("\JKBYEEZM")
Change component parameters (AddParameter): Name = "Case/Package"; Value = "TSSOP"; VariantName = "[No Variations]"
Change component parameters (AddParameter): Name = "Height"; Value = "1.2mm"; VariantName = "[No Variations]"
Change component parameters (AddParameter): Name = "Length"; Value = "5mm"; VariantName = "[No Variations]"
Change component parameters (AddParameter): Name = "Lifecycle Status"; Value = "Production"; VariantName = "[No Variations]"
Change component parameters (AddParameter): Name = "Manufacturer Lifecycle Status"; Value = "ACTIVE"; VariantName = "[No Variations]"
Change component parameters (AddParameter): Name = "NexarPartId"; Value = "131314463"; VariantName = "[No Variations]"
Change component parameters (AddParameter): Name = "Number of Pins"; Value = "14"; VariantName = "[No Variations]"
Change component parameters (AddParameter): Name = "Thickness"; Value = "1mm"; VariantName = "[No Variations]"
Change component parameters (AddParameter): Name = "Width"; Value = "4.4mm"; VariantName = "[No Variations]"
Added Component: Designator=C8(CAP-0603)
Added Component: Designator=C9(CAP-0603)
Added Component: Designator=C10(CAP-0603)
Added Component: Designator=C11(CAP-0603)
Added Component: Designator=D13(ONSC-SOD-123-2-425-04_V)
Add component (AddParameter): Name = "ComponentLink1Description"; Value = "Manufacturer URL"; VariantName = "[No Variations]"
Add component (AddParameter): Name = "ComponentLink1URL"; Value = "http://www.onsemi.com/"; VariantName = "[No Variations]"
Add component (AddParameter): Name = "ComponentLink2Description"; Value = "Datasheet"; VariantName = "[No Variations]"
Add component (AddParameter): Name = "ComponentLink2URL"; Value = "http://www.onsemi.cn/pub_link/Collateral/BAT54T1-D.PDF"; VariantName = "[No Variations]"
Add component (AddParameter): Name = "ComponentLink3Description"; Value = "Package Specification"; VariantName = "[No Variations]"
Add component (AddParameter): Name = "ComponentLink3URL"; Value = "http://www.onsemi.com/pub_link/Collateral/425-04.PDF"; VariantName = "[No Variations]"
Add component (AddParameter): Name = "Configuration"; Value = "Single"; VariantName = "[No Variations]"
Add component (AddParameter): Name = "DatasheetVersion"; Value = "Rev. 9"; VariantName = "[No Variations]"
Add component (AddParameter): Name = "IFSM Max (A)"; Value = "0.6"; VariantName = "[No Variations]"
Add component (AddParameter): Name = "Manufacturer"; Value = "On Semiconductor"; VariantName = "[No Variations]"
Add component (AddParameter): Name = "Mounting Technology"; Value = "Surface Mount"; VariantName = "[No Variations]"
Add component (AddParameter): Name = "PackageDescription"; Value = "2-Pin SOD, Body 1.6 x 2.69 mm"; VariantName = "[No Variations]"
Add component (AddParameter): Name = "PackageReference"; Value = "SOD-123-2-425-04"; VariantName = "[No Variations]"
Add component (AddParameter): Name = "PackageVersion"; Value = "Rev. G, 10/2009"; VariantName = "[No Variations]"
Add component (AddParameter): Name = "Packing"; Value = "Tape and Reel"; VariantName = "[No Variations]"
Add component (AddParameter): Name = "PartNumber"; Value = "BAT54T1G"; VariantName = "[No Variations]"
Add component (AddParameter): Name = "RoHS"; Value = "TRUE"; VariantName = "[No Variations]"
Add component (AddParameter): Name = "trr Max (ns)"; Value = "5"; VariantName = "[No Variations]"
Added Component: Designator=D14(ONSC-SOD-123-2-425-04_V)
Add component (AddParameter): Name = "ComponentLink1Description"; Value = "Manufacturer URL"; VariantName = "[No Variations]"
Add component (AddParameter): Name = "ComponentLink1URL"; Value = "http://www.onsemi.com/"; VariantName = "[No Variations]"
Add component (AddParameter): Name = "ComponentLink2Description"; Value = "Datasheet"; VariantName = "[No Variations]"
Add component (AddParameter): Name = "ComponentLink2URL"; Value = "http://www.onsemi.cn/pub_link/Collateral/BAT54T1-D.PDF"; VariantName = "[No Variations]"
Add component (AddParameter): Name = "ComponentLink3Description"; Value = "Package Specification"; VariantName = "[No Variations]"
Add component (AddParameter): Name = "ComponentLink3URL"; Value = "http://www.onsemi.com/pub_link/Collateral/425-04.PDF"; VariantName = "[No Variations]"
Add component (AddParameter): Name = "Configuration"; Value = "Single"; VariantName = "[No Variations]"
Add component (AddParameter): Name = "DatasheetVersion"; Value = "Rev. 9"; VariantName = "[No Variations]"
Add component (AddParameter): Name = "IFSM Max (A)"; Value = "0.6"; VariantName = "[No Variations]"
Add component (AddParameter): Name = "Manufacturer"; Value = "On Semiconductor"; VariantName = "[No Variations]"
Add component (AddParameter): Name = "Mounting Technology"; Value = "Surface Mount"; VariantName = "[No Variations]"
Add component (AddParameter): Name = "PackageDescription"; Value = "2-Pin SOD, Body 1.6 x 2.69 mm"; VariantName = "[No Variations]"
Add component (AddParameter): Name = "PackageReference"; Value = "SOD-123-2-425-04"; VariantName = "[No Variations]"
Add component (AddParameter): Name = "PackageVersion"; Value = "Rev. G, 10/2009"; VariantName = "[No Variations]"
Add component (AddParameter): Name = "Packing"; Value = "Tape and Reel"; VariantName = "[No Variations]"
Add component (AddParameter): Name = "PartNumber"; Value = "BAT54T1G"; VariantName = "[No Variations]"
Add component (AddParameter): Name = "RoHS"; Value = "TRUE"; VariantName = "[No Variations]"
Add component (AddParameter): Name = "trr Max (ns)"; Value = "5"; VariantName = "[No Variations]"
Added Component: Designator=D15(ONSC-SOD-123-2-425-04_V)
Add component (AddParameter): Name = "ComponentLink1Description"; Value = "Manufacturer URL"; VariantName = "[No Variations]"
Add component (AddParameter): Name = "ComponentLink1URL"; Value = "http://www.onsemi.com/"; VariantName = "[No Variations]"
Add component (AddParameter): Name = "ComponentLink2Description"; Value = "Datasheet"; VariantName = "[No Variations]"
Add component (AddParameter): Name = "ComponentLink2URL"; Value = "http://www.onsemi.cn/pub_link/Collateral/BAT54T1-D.PDF"; VariantName = "[No Variations]"
Add component (AddParameter): Name = "ComponentLink3Description"; Value = "Package Specification"; VariantName = "[No Variations]"
Add component (AddParameter): Name = "ComponentLink3URL"; Value = "http://www.onsemi.com/pub_link/Collateral/425-04.PDF"; VariantName = "[No Variations]"
Add component (AddParameter): Name = "Configuration"; Value = "Single"; VariantName = "[No Variations]"
Add component (AddParameter): Name = "DatasheetVersion"; Value = "Rev. 9"; VariantName = "[No Variations]"
Add component (AddParameter): Name = "IFSM Max (A)"; Value = "0.6"; VariantName = "[No Variations]"
Add component (AddParameter): Name = "Manufacturer"; Value = "On Semiconductor"; VariantName = "[No Variations]"
Add component (AddParameter): Name = "Mounting Technology"; Value = "Surface Mount"; VariantName = "[No Variations]"
Add component (AddParameter): Name = "PackageDescription"; Value = "2-Pin SOD, Body 1.6 x 2.69 mm"; VariantName = "[No Variations]"
Add component (AddParameter): Name = "PackageReference"; Value = "SOD-123-2-425-04"; VariantName = "[No Variations]"
Add component (AddParameter): Name = "PackageVersion"; Value = "Rev. G, 10/2009"; VariantName = "[No Variations]"
Add component (AddParameter): Name = "Packing"; Value = "Tape and Reel"; VariantName = "[No Variations]"
Add component (AddParameter): Name = "PartNumber"; Value = "BAT54T1G"; VariantName = "[No Variations]"
Add component (AddParameter): Name = "RoHS"; Value = "TRUE"; VariantName = "[No Variations]"
Add component (AddParameter): Name = "trr Max (ns)"; Value = "5"; VariantName = "[No Variations]"
Added Component: Designator=D16(ONSC-SOD-123-2-425-04_V)
Add component (AddParameter): Name = "ComponentLink1Description"; Value = "Manufacturer URL"; VariantName = "[No Variations]"
Add component (AddParameter): Name = "ComponentLink1URL"; Value = "http://www.onsemi.com/"; VariantName = "[No Variations]"
Add component (AddParameter): Name = "ComponentLink2Description"; Value = "Datasheet"; VariantName = "[No Variations]"
Add component (AddParameter): Name = "ComponentLink2URL"; Value = "http://www.onsemi.cn/pub_link/Collateral/BAT54T1-D.PDF"; VariantName = "[No Variations]"
Add component (AddParameter): Name = "ComponentLink3Description"; Value = "Package Specification"; VariantName = "[No Variations]"
Add component (AddParameter): Name = "ComponentLink3URL"; Value = "http://www.onsemi.com/pub_link/Collateral/425-04.PDF"; VariantName = "[No Variations]"
Add component (AddParameter): Name = "Configuration"; Value = "Single"; VariantName = "[No Variations]"
Add component (AddParameter): Name = "DatasheetVersion"; Value = "Rev. 9"; VariantName = "[No Variations]"
Add component (AddParameter): Name = "IFSM Max (A)"; Value = "0.6"; VariantName = "[No Variations]"
Add component (AddParameter): Name = "Manufacturer"; Value = "On Semiconductor"; VariantName = "[No Variations]"
Add component (AddParameter): Name = "Mounting Technology"; Value = "Surface Mount"; VariantName = "[No Variations]"
Add component (AddParameter): Name = "PackageDescription"; Value = "2-Pin SOD, Body 1.6 x 2.69 mm"; VariantName = "[No Variations]"
Add component (AddParameter): Name = "PackageReference"; Value = "SOD-123-2-425-04"; VariantName = "[No Variations]"
Add component (AddParameter): Name = "PackageVersion"; Value = "Rev. G, 10/2009"; VariantName = "[No Variations]"
Add component (AddParameter): Name = "Packing"; Value = "Tape and Reel"; VariantName = "[No Variations]"
Add component (AddParameter): Name = "PartNumber"; Value = "BAT54T1G"; VariantName = "[No Variations]"
Add component (AddParameter): Name = "RoHS"; Value = "TRUE"; VariantName = "[No Variations]"
Add component (AddParameter): Name = "trr Max (ns)"; Value = "5"; VariantName = "[No Variations]"
Added Component: Designator=R32(RES-0603)
Added Component: Designator=R33(RES-0603)
Added Component: Designator=R34(RES-0603)
Added Component: Designator=R35(RES-0603)
Added Component: Designator=R36(RES-0603)
Added Component: Designator=R37(RES-0603)
Added Component: Designator=R38(RES-0603)
Added Component: Designator=R39(RES-0603)
Added Component: Designator=R40(RES-0603)
Added Component: Designator=R41(RES-0603)
Added Component: Designator=R42(RES-0603)
Added Component: Designator=R43(RES-0603)
Added Component: Designator=R44(RES-0603)
Added Component: Designator=U7(FP-DCK0006A-IPC_B)
Add component (AddParameter): Name = "Bandwidth"; Value = "300MHz"; VariantName = "[No Variations]"
Add component (AddParameter): Name = "Case/Package"; Value = "SC"; VariantName = "[No Variations]"
Add component (AddParameter): Name = "Contact Plating"; Value = "Gold"; VariantName = "[No Variations]"
Add component (AddParameter): Name = "Height"; Value = "0.9mm"; VariantName = "[No Variations]"
Add component (AddParameter): Name = "High Level Output Current"; Value = "128mA"; VariantName = "[No Variations]"
Add component (AddParameter): Name = "Lead Free"; Value = "Lead Free"; VariantName = "[No Variations]"
Add component (AddParameter): Name = "Length"; Value = "2mm"; VariantName = "[No Variations]"
Add component (AddParameter): Name = "Low Level Output Current"; Value = "128mA"; VariantName = "[No Variations]"
Add component (AddParameter): Name = "Max Operating Temperature"; Value = "125°C"; VariantName = "[No Variations]"
Add component (AddParameter): Name = "Max Supply Current"; Value = "10uA"; VariantName = "[No Variations]"
Add component (AddParameter): Name = "Max Supply Voltage"; Value = "5.5V"; VariantName = "[No Variations]"
Add component (AddParameter): Name = "Min Operating Temperature"; Value = "-40°C"; VariantName = "[No Variations]"
Add component (AddParameter): Name = "Min Supply Voltage"; Value = "1.65V"; VariantName = "[No Variations]"
Add component (AddParameter): Name = "Mount"; Value = "Surface Mount"; VariantName = "[No Variations]"
Add component (AddParameter): Name = "Nominal Supply Current"; Value = "10uA"; VariantName = "[No Variations]"
Add component (AddParameter): Name = "Number of Bits"; Value = "1"; VariantName = "[No Variations]"
Add component (AddParameter): Name = "Number of Channels"; Value = "1"; VariantName = "[No Variations]"
Add component (AddParameter): Name = "Number of Inputs"; Value = "1"; VariantName = "[No Variations]"
Add component (AddParameter): Name = "Number of Outputs"; Value = "2"; VariantName = "[No Variations]"
Add component (AddParameter): Name = "Number of Pins"; Value = "6"; VariantName = "[No Variations]"
Add component (AddParameter): Name = "On-State Resistance"; Value = "15R"; VariantName = "[No Variations]"
Add component (AddParameter): Name = "Operating Supply Current"; Value = "1uA"; VariantName = "[No Variations]"
Add component (AddParameter): Name = "Package Quantity"; Value = "3000"; VariantName = "[No Variations]"
Add component (AddParameter): Name = "Packaging"; Value = "Tape and Reel"; VariantName = "[No Variations]"
Add component (AddParameter): Name = "Polarity"; Value = "Non-Inverting"; VariantName = "[No Variations]"
Add component (AddParameter): Name = "Propagation Delay"; Value = "300ps"; VariantName = "[No Variations]"
Add component (AddParameter): Name = "Radiation Hardening"; Value = "No"; VariantName = "[No Variations]"
Add component (AddParameter): Name = "REACH SVHC"; Value = "No SVHC"; VariantName = "[No Variations]"
Add component (AddParameter): Name = "RoHS Compliant"; Value = "Yes"; VariantName = "[No Variations]"
Add component (AddParameter): Name = "Supply Type"; Value = "Single"; VariantName = "[No Variations]"
Add component (AddParameter): Name = "Termination"; Value = "SMD/SMT"; VariantName = "[No Variations]"
Add component (AddParameter): Name = "Throw Configuration"; Value = "SPDT"; VariantName = "[No Variations]"
Add component (AddParameter): Name = "Turn-Off Delay Time"; Value = "3.8ns"; VariantName = "[No Variations]"
Add component (AddParameter): Name = "Turn-On Delay Time"; Value = "5.7ns"; VariantName = "[No Variations]"
Add component (AddParameter): Name = "Weight"; Value = "8.8E-05oz"; VariantName = "[No Variations]"
Add component (AddParameter): Name = "Width"; Value = "1.25mm"; VariantName = "[No Variations]"
Added Component: Designator=U8(FP-DCK0006A-IPC_B)
Add component (AddParameter): Name = "Bandwidth"; Value = "300MHz"; VariantName = "[No Variations]"
Add component (AddParameter): Name = "Case/Package"; Value = "SC"; VariantName = "[No Variations]"
Add component (AddParameter): Name = "Contact Plating"; Value = "Gold"; VariantName = "[No Variations]"
Add component (AddParameter): Name = "Height"; Value = "0.9mm"; VariantName = "[No Variations]"
Add component (AddParameter): Name = "High Level Output Current"; Value = "128mA"; VariantName = "[No Variations]"
Add component (AddParameter): Name = "Lead Free"; Value = "Lead Free"; VariantName = "[No Variations]"
Add component (AddParameter): Name = "Length"; Value = "2mm"; VariantName = "[No Variations]"
Add component (AddParameter): Name = "Low Level Output Current"; Value = "128mA"; VariantName = "[No Variations]"
Add component (AddParameter): Name = "Max Operating Temperature"; Value = "125°C"; VariantName = "[No Variations]"
Add component (AddParameter): Name = "Max Supply Current"; Value = "10uA"; VariantName = "[No Variations]"
Add component (AddParameter): Name = "Max Supply Voltage"; Value = "5.5V"; VariantName = "[No Variations]"
Add component (AddParameter): Name = "Min Operating Temperature"; Value = "-40°C"; VariantName = "[No Variations]"
Add component (AddParameter): Name = "Min Supply Voltage"; Value = "1.65V"; VariantName = "[No Variations]"
Add component (AddParameter): Name = "Mount"; Value = "Surface Mount"; VariantName = "[No Variations]"
Add component (AddParameter): Name = "Nominal Supply Current"; Value = "10uA"; VariantName = "[No Variations]"
Add component (AddParameter): Name = "Number of Bits"; Value = "1"; VariantName = "[No Variations]"
Add component (AddParameter): Name = "Number of Channels"; Value = "1"; VariantName = "[No Variations]"
Add component (AddParameter): Name = "Number of Inputs"; Value = "1"; VariantName = "[No Variations]"
Add component (AddParameter): Name = "Number of Outputs"; Value = "2"; VariantName = "[No Variations]"
Add component (AddParameter): Name = "Number of Pins"; Value = "6"; VariantName = "[No Variations]"
Add component (AddParameter): Name = "On-State Resistance"; Value = "15R"; VariantName = "[No Variations]"
Add component (AddParameter): Name = "Operating Supply Current"; Value = "1uA"; VariantName = "[No Variations]"
Add component (AddParameter): Name = "Package Quantity"; Value = "3000"; VariantName = "[No Variations]"
Add component (AddParameter): Name = "Packaging"; Value = "Tape and Reel"; VariantName = "[No Variations]"
Add component (AddParameter): Name = "Polarity"; Value = "Non-Inverting"; VariantName = "[No Variations]"
Add component (AddParameter): Name = "Propagation Delay"; Value = "300ps"; VariantName = "[No Variations]"
Add component (AddParameter): Name = "Radiation Hardening"; Value = "No"; VariantName = "[No Variations]"
Add component (AddParameter): Name = "REACH SVHC"; Value = "No SVHC"; VariantName = "[No Variations]"
Add component (AddParameter): Name = "RoHS Compliant"; Value = "Yes"; VariantName = "[No Variations]"
Add component (AddParameter): Name = "Supply Type"; Value = "Single"; VariantName = "[No Variations]"
Add component (AddParameter): Name = "Termination"; Value = "SMD/SMT"; VariantName = "[No Variations]"
Add component (AddParameter): Name = "Throw Configuration"; Value = "SPDT"; VariantName = "[No Variations]"
Add component (AddParameter): Name = "Turn-Off Delay Time"; Value = "3.8ns"; VariantName = "[No Variations]"
Add component (AddParameter): Name = "Turn-On Delay Time"; Value = "5.7ns"; VariantName = "[No Variations]"
Add component (AddParameter): Name = "Weight"; Value = "8.8E-05oz"; VariantName = "[No Variations]"
Add component (AddParameter): Name = "Width"; Value = "1.25mm"; VariantName = "[No Variations]"
Added Component: Designator=U9(FP-DCK0006A-IPC_B)
Add component (AddParameter): Name = "Bandwidth"; Value = "300MHz"; VariantName = "[No Variations]"
Add component (AddParameter): Name = "Case/Package"; Value = "SC"; VariantName = "[No Variations]"
Add component (AddParameter): Name = "Contact Plating"; Value = "Gold"; VariantName = "[No Variations]"
Add component (AddParameter): Name = "Height"; Value = "0.9mm"; VariantName = "[No Variations]"
Add component (AddParameter): Name = "High Level Output Current"; Value = "128mA"; VariantName = "[No Variations]"
Add component (AddParameter): Name = "Lead Free"; Value = "Lead Free"; VariantName = "[No Variations]"
Add component (AddParameter): Name = "Length"; Value = "2mm"; VariantName = "[No Variations]"
Add component (AddParameter): Name = "Low Level Output Current"; Value = "128mA"; VariantName = "[No Variations]"
Add component (AddParameter): Name = "Max Operating Temperature"; Value = "125°C"; VariantName = "[No Variations]"
Add component (AddParameter): Name = "Max Supply Current"; Value = "10uA"; VariantName = "[No Variations]"
Add component (AddParameter): Name = "Max Supply Voltage"; Value = "5.5V"; VariantName = "[No Variations]"
Add component (AddParameter): Name = "Min Operating Temperature"; Value = "-40°C"; VariantName = "[No Variations]"
Add component (AddParameter): Name = "Min Supply Voltage"; Value = "1.65V"; VariantName = "[No Variations]"
Add component (AddParameter): Name = "Mount"; Value = "Surface Mount"; VariantName = "[No Variations]"
Add component (AddParameter): Name = "Nominal Supply Current"; Value = "10uA"; VariantName = "[No Variations]"
Add component (AddParameter): Name = "Number of Bits"; Value = "1"; VariantName = "[No Variations]"
Add component (AddParameter): Name = "Number of Channels"; Value = "1"; VariantName = "[No Variations]"
Add component (AddParameter): Name = "Number of Inputs"; Value = "1"; VariantName = "[No Variations]"
Add component (AddParameter): Name = "Number of Outputs"; Value = "2"; VariantName = "[No Variations]"
Add component (AddParameter): Name = "Number of Pins"; Value = "6"; VariantName = "[No Variations]"
Add component (AddParameter): Name = "On-State Resistance"; Value = "15R"; VariantName = "[No Variations]"
Add component (AddParameter): Name = "Operating Supply Current"; Value = "1uA"; VariantName = "[No Variations]"
Add component (AddParameter): Name = "Package Quantity"; Value = "3000"; VariantName = "[No Variations]"
Add component (AddParameter): Name = "Packaging"; Value = "Tape and Reel"; VariantName = "[No Variations]"
Add component (AddParameter): Name = "Polarity"; Value = "Non-Inverting"; VariantName = "[No Variations]"
Add component (AddParameter): Name = "Propagation Delay"; Value = "300ps"; VariantName = "[No Variations]"
Add component (AddParameter): Name = "Radiation Hardening"; Value = "No"; VariantName = "[No Variations]"
Add component (AddParameter): Name = "REACH SVHC"; Value = "No SVHC"; VariantName = "[No Variations]"
Add component (AddParameter): Name = "RoHS Compliant"; Value = "Yes"; VariantName = "[No Variations]"
Add component (AddParameter): Name = "Supply Type"; Value = "Single"; VariantName = "[No Variations]"
Add component (AddParameter): Name = "Termination"; Value = "SMD/SMT"; VariantName = "[No Variations]"
Add component (AddParameter): Name = "Throw Configuration"; Value = "SPDT"; VariantName = "[No Variations]"
Add component (AddParameter): Name = "Turn-Off Delay Time"; Value = "3.8ns"; VariantName = "[No Variations]"
Add component (AddParameter): Name = "Turn-On Delay Time"; Value = "5.7ns"; VariantName = "[No Variations]"
Add component (AddParameter): Name = "Weight"; Value = "8.8E-05oz"; VariantName = "[No Variations]"
Add component (AddParameter): Name = "Width"; Value = "1.25mm"; VariantName = "[No Variations]"
Added Component: Designator=VR7(BOUR-TC33X-2_V)
Add component (AddParameter): Name = "Case/Package"; Value = "SMD/SMT"; VariantName = "[No Variations]"
Add component (AddParameter): Name = "Colour"; Value = "Silver"; VariantName = "[No Variations]"
Add component (AddParameter): Name = "Composition"; Value = "Potentiometer"; VariantName = "[No Variations]"
Add component (AddParameter): Name = "Contact Plating"; Value = "Silver"; VariantName = "[No Variations]"
Add component (AddParameter): Name = "Datasheet URL"; Value = "http://www.bourns.com/docs/Product-Datasheets/TC33.pdf"; VariantName = "[No Variations]"
Add component (AddParameter): Name = "Datasheet Version"; Value = "42583.0"; VariantName = "[No Variations]"
Add component (AddParameter): Name = "Depth"; Value = "3.8mm"; VariantName = "[No Variations]"
Add component (AddParameter): Name = "Height"; Value = "0.047inch"; VariantName = "[No Variations]"
Add component (AddParameter): Name = "Lead Free"; Value = "LeadFree"; VariantName = "[No Variations]"
Add component (AddParameter): Name = "Length"; Value = "3mm"; VariantName = "[No Variations]"
Add component (AddParameter): Name = "Manufacturer"; Value = "Bourns"; VariantName = "[No Variations]"
Add component (AddParameter): Name = "Manufacturer URL"; Value = "http://www.bourns.com/"; VariantName = "[No Variations]"
Add component (AddParameter): Name = "Max Operating Temperature"; Value = "100degC"; VariantName = "[No Variations]"
Add component (AddParameter): Name = "Max Power Dissipation"; Value = "100mW"; VariantName = "[No Variations]"
Add component (AddParameter): Name = "Military Standard"; Value = "Not"; VariantName = "[No Variations]"
Add component (AddParameter): Name = "Min Operating Temperature"; Value = "-40degC"; VariantName = "[No Variations]"
Add component (AddParameter): Name = "Mount"; Value = "SurfaceMount"; VariantName = "[No Variations]"
Add component (AddParameter): Name = "Number of Turns"; Value = "1"; VariantName = "[No Variations]"
Add component (AddParameter): Name = "Package Description"; Value = "3-Pin Surface Mount Device, Body 3.8 x 3.6 mm"; VariantName = "[No Variations]"
Add component (AddParameter): Name = "Package Quantity"; Value = "2500"; VariantName = "[No Variations]"
Add component (AddParameter): Name = "Package Reference"; Value = "TC33X-2"; VariantName = "[No Variations]"
Add component (AddParameter): Name = "Packaging"; Value = "TapeandReel"; VariantName = "[No Variations]"
Add component (AddParameter): Name = "Power Rating"; Value = "100mW"; VariantName = "[No Variations]"
Add component (AddParameter): Name = "Radiation Hardening"; Value = "No"; VariantName = "[No Variations]"
Add component (AddParameter): Name = "REACH SVHC"; Value = "NoSVHC"; VariantName = "[No Variations]"
Add component (AddParameter): Name = "Resistance"; Value = "10KOhm"; VariantName = "[No Variations]"
Add component (AddParameter): Name = "RoHSCompliant"; Value = "true"; VariantName = "[No Variations]"
Add component (AddParameter): Name = "Taper"; Value = "Linear"; VariantName = "[No Variations]"
Add component (AddParameter): Name = "Temperature Coefficient"; Value = "250ppm/degreesC"; VariantName = "[No Variations]"
Add component (AddParameter): Name = "Termination"; Value = "FootPrint"; VariantName = "[No Variations]"
Add component (AddParameter): Name = "Tolerance"; Value = "25%"; VariantName = "[No Variations]"
Add component (AddParameter): Name = "Voltage Rating (DC)"; Value = "50V"; VariantName = "[No Variations]"
Add component (AddParameter): Name = "Weight"; Value = "29.4mg"; VariantName = "[No Variations]"
Add component (AddParameter): Name = "Width"; Value = "0.118inch"; VariantName = "[No Variations]"
Added Component: Designator=VR8(BOUR-TC33X-2_V)
Add component (AddParameter): Name = "Case/Package"; Value = "SMD/SMT"; VariantName = "[No Variations]"
Add component (AddParameter): Name = "Colour"; Value = "Silver"; VariantName = "[No Variations]"
Add component (AddParameter): Name = "Composition"; Value = "Potentiometer"; VariantName = "[No Variations]"
Add component (AddParameter): Name = "Contact Plating"; Value = "Silver"; VariantName = "[No Variations]"
Add component (AddParameter): Name = "Datasheet URL"; Value = "http://www.bourns.com/docs/Product-Datasheets/TC33.pdf"; VariantName = "[No Variations]"
Add component (AddParameter): Name = "Datasheet Version"; Value = "42583.0"; VariantName = "[No Variations]"
Add component (AddParameter): Name = "Depth"; Value = "3.8mm"; VariantName = "[No Variations]"
Add component (AddParameter): Name = "Height"; Value = "0.047inch"; VariantName = "[No Variations]"
Add component (AddParameter): Name = "Lead Free"; Value = "LeadFree"; VariantName = "[No Variations]"
Add component (AddParameter): Name = "Length"; Value = "3mm"; VariantName = "[No Variations]"
Add component (AddParameter): Name = "Manufacturer"; Value = "Bourns"; VariantName = "[No Variations]"
Add component (AddParameter): Name = "Manufacturer URL"; Value = "http://www.bourns.com/"; VariantName = "[No Variations]"
Add component (AddParameter): Name = "Max Operating Temperature"; Value = "100degC"; VariantName = "[No Variations]"
Add component (AddParameter): Name = "Max Power Dissipation"; Value = "100mW"; VariantName = "[No Variations]"
Add component (AddParameter): Name = "Military Standard"; Value = "Not"; VariantName = "[No Variations]"
Add component (AddParameter): Name = "Min Operating Temperature"; Value = "-40degC"; VariantName = "[No Variations]"
Add component (AddParameter): Name = "Mount"; Value = "SurfaceMount"; VariantName = "[No Variations]"
Add component (AddParameter): Name = "Number of Turns"; Value = "1"; VariantName = "[No Variations]"
Add component (AddParameter): Name = "Package Description"; Value = "3-Pin Surface Mount Device, Body 3.8 x 3.6 mm"; VariantName = "[No Variations]"
Add component (AddParameter): Name = "Package Quantity"; Value = "2500"; VariantName = "[No Variations]"
Add component (AddParameter): Name = "Package Reference"; Value = "TC33X-2"; VariantName = "[No Variations]"
Add component (AddParameter): Name = "Packaging"; Value = "TapeandReel"; VariantName = "[No Variations]"
Add component (AddParameter): Name = "Power Rating"; Value = "100mW"; VariantName = "[No Variations]"
Add component (AddParameter): Name = "Radiation Hardening"; Value = "No"; VariantName = "[No Variations]"
Add component (AddParameter): Name = "REACH SVHC"; Value = "NoSVHC"; VariantName = "[No Variations]"
Add component (AddParameter): Name = "Resistance"; Value = "10KOhm"; VariantName = "[No Variations]"
Add component (AddParameter): Name = "RoHSCompliant"; Value = "true"; VariantName = "[No Variations]"
Add component (AddParameter): Name = "Taper"; Value = "Linear"; VariantName = "[No Variations]"
Add component (AddParameter): Name = "Temperature Coefficient"; Value = "250ppm/degreesC"; VariantName = "[No Variations]"
Add component (AddParameter): Name = "Termination"; Value = "FootPrint"; VariantName = "[No Variations]"
Add component (AddParameter): Name = "Tolerance"; Value = "25%"; VariantName = "[No Variations]"
Add component (AddParameter): Name = "Voltage Rating (DC)"; Value = "50V"; VariantName = "[No Variations]"
Add component (AddParameter): Name = "Weight"; Value = "29.4mg"; VariantName = "[No Variations]"
Add component (AddParameter): Name = "Width"; Value = "0.118inch"; VariantName = "[No Variations]"
Added Pin To Net: NetName=GND Pin=C8-1
Added Pin To Net: NetName=3V3 Pin=C8-2
Added Pin To Net: NetName=GND Pin=C9-1
Added Pin To Net: NetName=3V3 Pin=C9-2
Added Pin To Net: NetName=GND Pin=C10-1
Added Pin To Net: NetName=3V3 Pin=C10-2
Added Pin To Net: NetName=GND Pin=C11-1
Added Pin To Net: NetName=3V3 Pin=C11-2
Added Pin To Net: NetName=3V3 Pin=D2-1
Added Pin To Net: NetName=GND Pin=D3-2
Added Pin To Net: NetName=3V3 Pin=D13-1
Added Pin To Net: NetName=3V3 Pin=D14-1
Added Pin To Net: NetName=GND Pin=D15-2
Added Pin To Net: NetName=GND Pin=D16-2
Added Pin To Net: NetName=3V3 Pin=R1-1
Added Pin To Net: NetName=3V3 Pin=R2-1
Added Pin To Net: NetName=GND Pin=R7-2
Added Pin To Net: NetName=GND Pin=R8-2
Added Pin To Net: NetName=3V3 Pin=R9-1
Added Pin To Net: NetName=3V3 Pin=R10-1
Added Pin To Net: NetName=GND Pin=R32-2
Added Pin To Net: NetName=GND Pin=R33-2
Added Pin To Net: NetName=GND Pin=R37-2
Added Pin To Net: NetName=NetR10_2 Pin=R38-1
Added Pin To Net: NetName=GND Pin=R38-2
Added Pin To Net: NetName=GND Pin=R41-2
Added Pin To Net: NetName=GND Pin=R42-2
Added Pin To Net: NetName=GND Pin=R43-2
Added Pin To Net: NetName=GND Pin=R44-2
Added Pin To Net: NetName=NetR5_1 Pin=U1-6
Added Pin To Net: NetName=NetR5_1 Pin=U1-7
Added Pin To Net: NetName=+12V Pin=U2-4
Added Pin To Net: NetName=NetR6_1 Pin=U2-6
Added Pin To Net: NetName=NetR6_1 Pin=U2-7
Added Pin To Net: NetName=NetR10_2 Pin=U2-10
Added Pin To Net: NetName=CH2_1V_SCALE Pin=U6-1
Added Pin To Net: NetName=GND Pin=U6-2
Added Pin To Net: NetName=CH2_10V_SCALE Pin=U6-3
Added Pin To Net: NetName=3V3 Pin=U6-5
Added Pin To Net: NetName=CH1_1V_SCALE Pin=U7-1
Added Pin To Net: NetName=GND Pin=U7-2
Added Pin To Net: NetName=CH1_10V_SCALE Pin=U7-3
Added Pin To Net: NetName=ADC_CH1 Pin=U7-4
Added Pin To Net: NetName=3V3 Pin=U7-5
Added Pin To Net: NetName=GND Pin=U8-2
Added Pin To Net: NetName=3V3 Pin=U8-5
Added Pin To Net: NetName=GND Pin=U9-2
Added Pin To Net: NetName=3V3 Pin=U9-5
Added Pin To Net: NetName=NetR10_2 Pin=VR8-3
Added Pin To Net: NetName=ADC_CH2 Pin=U6-4
Added Net: Name=ADC_CH2
Added Pin To Net: NetName=ADC_CH3 Pin=U9-4
Added Net: Name=ADC_CH3
Added Pin To Net: NetName=ADC_CH4 Pin=U8-4
Added Net: Name=ADC_CH4
Added Pin To Net: NetName=CH3_1V_SCALE Pin=D13-2
Added Pin To Net: NetName=CH3_1V_SCALE Pin=D15-1
Added Pin To Net: NetName=CH3_1V_SCALE Pin=R35-2
Added Pin To Net: NetName=CH3_1V_SCALE Pin=U9-1
Added Net: Name=CH3_1V_SCALE
Added Pin To Net: NetName=CH3_10V_SCALE Pin=D1-2
Added Pin To Net: NetName=CH3_10V_SCALE Pin=D3-1
Added Pin To Net: NetName=CH3_10V_SCALE Pin=R5-2
Added Pin To Net: NetName=CH3_10V_SCALE Pin=U9-3
Added Net: Name=CH3_10V_SCALE
Added Pin To Net: NetName=CH4_1V_SCALE Pin=D14-2
Added Pin To Net: NetName=CH4_1V_SCALE Pin=D16-1
Added Pin To Net: NetName=CH4_1V_SCALE Pin=R36-2
Added Pin To Net: NetName=CH4_1V_SCALE Pin=U8-1
Added Net: Name=CH4_1V_SCALE
Added Pin To Net: NetName=CH4_10V_SCALE Pin=D2-2
Added Pin To Net: NetName=CH4_10V_SCALE Pin=D4-1
Added Pin To Net: NetName=CH4_10V_SCALE Pin=R6-2
Added Pin To Net: NetName=CH4_10V_SCALE Pin=U8-3
Added Net: Name=CH4_10V_SCALE
Added Pin To Net: NetName=CHAN_SCALE Pin=R32-1
Added Pin To Net: NetName=CHAN_SCALE Pin=R33-1
Added Pin To Net: NetName=CHAN_SCALE Pin=R43-1
Added Pin To Net: NetName=CHAN_SCALE Pin=R44-1
Added Pin To Net: NetName=CHAN_SCALE Pin=U6-6
Added Pin To Net: NetName=CHAN_SCALE Pin=U7-6
Added Pin To Net: NetName=CHAN_SCALE Pin=U8-6
Added Pin To Net: NetName=CHAN_SCALE Pin=U9-6
Added Net: Name=CHAN_SCALE
Added Pin To Net: NetName=IN_CH3_BUFF Pin=R3-2
Added Pin To Net: NetName=IN_CH3_BUFF Pin=U1-1
Added Pin To Net: NetName=IN_CH3_BUFF Pin=U1-2
Added Pin To Net: NetName=IN_CH3_BUFF Pin=U1-12
Added Net: Name=IN_CH3_BUFF
Added Pin To Net: NetName=IN_CH3 Pin=U1-3
Added Net: Name=IN_CH3
Added Pin To Net: NetName=IN_CH4_BUFF Pin=R4-2
Added Pin To Net: NetName=IN_CH4_BUFF Pin=U2-1
Added Pin To Net: NetName=IN_CH4_BUFF Pin=U2-2
Added Pin To Net: NetName=IN_CH4_BUFF Pin=U2-12
Added Net: Name=IN_CH4_BUFF
Added Pin To Net: NetName=IN_CH4 Pin=U2-3
Added Net: Name=IN_CH4
Added Pin To Net: NetName=NetR1_2 Pin=R1-2
Added Pin To Net: NetName=NetR1_2 Pin=R7-1
Added Pin To Net: NetName=NetR1_2 Pin=U1-5
Added Pin To Net: NetName=NetR1_2 Pin=VR1-3
Added Net: Name=NetR1_2
Added Pin To Net: NetName=NetR2_2 Pin=R2-2
Added Pin To Net: NetName=NetR2_2 Pin=R8-1
Added Pin To Net: NetName=NetR2_2 Pin=U2-5
Added Pin To Net: NetName=NetR2_2 Pin=VR2-3
Added Net: Name=NetR2_2
Added Pin To Net: NetName=NetR3_1 Pin=R3-1
Added Pin To Net: NetName=NetR3_1 Pin=VR1-2
Added Net: Name=NetR3_1
Added Pin To Net: NetName=NetR4_1 Pin=R4-1
Added Pin To Net: NetName=NetR4_1 Pin=VR2-2
Added Net: Name=NetR4_1
Added Pin To Net: NetName=NetR9_2 Pin=R9-2
Added Pin To Net: NetName=NetR9_2 Pin=R37-1
Added Pin To Net: NetName=NetR9_2 Pin=U1-10
Added Pin To Net: NetName=NetR9_2 Pin=VR7-3
Added Net: Name=NetR9_2
Added Pin To Net: NetName=NetR11_1 Pin=R11-1
Added Pin To Net: NetName=NetR11_1 Pin=VR7-2
Added Net: Name=NetR11_1
Added Pin To Net: NetName=NetR11_2 Pin=R11-2
Added Pin To Net: NetName=NetR11_2 Pin=R39-1
Added Pin To Net: NetName=NetR11_2 Pin=U1-14
Added Net: Name=NetR11_2
Added Pin To Net: NetName=NetR34_1 Pin=R34-1
Added Pin To Net: NetName=NetR34_1 Pin=VR8-2
Added Net: Name=NetR34_1
Added Pin To Net: NetName=NetR34_2 Pin=R34-2
Added Pin To Net: NetName=NetR34_2 Pin=R40-1
Added Pin To Net: NetName=NetR34_2 Pin=U2-14
Added Net: Name=NetR34_2
Added Pin To Net: NetName=NetR35_1 Pin=R35-1
Added Pin To Net: NetName=NetR35_1 Pin=U1-8
Added Pin To Net: NetName=NetR35_1 Pin=U1-9
Added Net: Name=NetR35_1
Added Pin To Net: NetName=NetR36_1 Pin=R36-1
Added Pin To Net: NetName=NetR36_1 Pin=U2-8
Added Pin To Net: NetName=NetR36_1 Pin=U2-9
Added Net: Name=NetR36_1
Added Pin To Net: NetName=NetR39_2 Pin=R39-2
Added Pin To Net: NetName=NetR39_2 Pin=R41-1
Added Pin To Net: NetName=NetR39_2 Pin=U1-13
Added Net: Name=NetR39_2
Added Pin To Net: NetName=NetR40_2 Pin=R40-2
Added Pin To Net: NetName=NetR40_2 Pin=R42-1
Added Pin To Net: NetName=NetR40_2 Pin=U2-13
Added Net: Name=NetR40_2
Change Class Name : Old Net Name=Analog New Net Name=Channels [3,4]
Change Class Name : Old Net Name=Channels New Net Name=Channels [1,2]
Added Member To Class: ClassName=Channels [1,2] Member=Component C8 100nF
Added Member To Class: ClassName=Channels [1,2] Member=Component C9 100nF
Added Member To Class: ClassName=Channels [3,4] Member=Component C10 100nF
Added Member To Class: ClassName=Channels [3,4] Member=Component C11 100nF
Added Member To Class: ClassName=Channels [3,4] Member=Component D13 BAT54T1G
Added Member To Class: ClassName=Channels [3,4] Member=Component D14 BAT54T1G
Added Member To Class: ClassName=Channels [3,4] Member=Component D15 BAT54T1G
Added Member To Class: ClassName=Channels [3,4] Member=Component D16 BAT54T1G
Added Member To Class: ClassName=Channels [3,4] Member=Component R7 30k ± 1%
Added Member To Class: ClassName=Channels [3,4] Member=Component R8 30k ± 1%
Added Member To Class: ClassName=Channels [3,4] Member=Component R9 30k ± 1%
Added Member To Class: ClassName=Channels [3,4] Member=Component R11 30k ± 1%
Added Member To Class: ClassName=Channels [1,2] Member=Component R32 10k ± 5%
Added Member To Class: ClassName=Channels [1,2] Member=Component R33 10k ± 5%
Added Member To Class: ClassName=Channels [3,4] Member=Component R34 30k ± 1%
Added Member To Class: ClassName=Channels [3,4] Member=Component R35 30k ± 5%
Added Member To Class: ClassName=Channels [3,4] Member=Component R36 30k ± 5%
Added Member To Class: ClassName=Channels [3,4] Member=Component R37 30k ± 1%
Added Member To Class: ClassName=Channels [3,4] Member=Component R38 30k ± 1%
Added Member To Class: ClassName=Channels [3,4] Member=Component R39 30k ± 1%
Added Member To Class: ClassName=Channels [3,4] Member=Component R40 30k ± 1%
Added Member To Class: ClassName=Channels [3,4] Member=Component R41 30k ± 1%
Added Member To Class: ClassName=Channels [3,4] Member=Component R42 30k ± 1%
Added Member To Class: ClassName=Channels [3,4] Member=Component R43 10k ± 5%
Added Member To Class: ClassName=Channels [3,4] Member=Component R44 10k ± 5%
Added Member To Class: ClassName=Channels [1,2] Member=Component U7 SN74LVC1G3157DCKR
Added Member To Class: ClassName=Channels [3,4] Member=Component U8 SN74LVC1G3157DCKR
Added Member To Class: ClassName=Channels [3,4] Member=Component U9 SN74LVC1G3157DCKR
Added Member To Class: ClassName=Channels [3,4] Member=Component VR7 10k
Added Member To Class: ClassName=Channels [3,4] Member=Component VR8 10k
