Removed Pin From Net: NetName=10uA_OUT Pin=R5-1
Removed Pin From Net: NetName=200uA_OUT Pin=R6-1
Removed Pin From Net: NetName=10uA_OUT Pin=U17-6
Removed Pin From Net: NetName=200uA_OUT Pin=U18-6
Change Component Comment : Designator=R5 Old Comment=6k ± 1% New Comment=12k4 ± 1%
Added Component: Designator=D19(CR_SOD323_MCC)
Add component (AddParameter): Name = "Mfr_Name"; Value = "MCC"; VariantName = "[No Variations]"
Add component (AddParameter): Name = "RefDes"; Value = ""; VariantName = "[No Variations]"
Add component (AddParameter): Name = "Type"; Value = ""; VariantName = "[No Variations]"
Added Component: Designator=D20(CR_SOD323_MCC)
Add component (AddParameter): Name = "Mfr_Name"; Value = "MCC"; VariantName = "[No Variations]"
Add component (AddParameter): Name = "RefDes"; Value = ""; VariantName = "[No Variations]"
Add component (AddParameter): Name = "Type"; Value = ""; VariantName = "[No Variations]"
Added Component: Designator=R68(RES-0603)
Added Component: Designator=R69(RES-0603)
Added Pin To Net: NetName=10uA_OUT Pin=D19-1
Added Pin To Net: NetName=200uA_OUT Pin=D20-1
Added Pin To Net: NetName=10uA_OUT Pin=R68-1
Added Pin To Net: NetName=200uA_OUT Pin=R69-1
Added Pin To Net: NetName=NetD19_2 Pin=D19-2
Added Pin To Net: NetName=NetD19_2 Pin=R5-1
Added Pin To Net: NetName=NetD19_2 Pin=U17-6
Added Net: Name=NetD19_2
Added Pin To Net: NetName=NetD20_2 Pin=D20-2
Added Pin To Net: NetName=NetD20_2 Pin=R6-1
Added Pin To Net: NetName=NetD20_2 Pin=U18-6
Added Net: Name=NetD20_2
Added Pin To Net: NetName=NetR68_2 Pin=R68-2
Added Pin To Net: NetName=NetR68_2 Pin=U17-1
Added Pin To Net: NetName=NetR68_2 Pin=VR3-1
Added Net: Name=NetR68_2
Added Pin To Net: NetName=NetR69_2 Pin=R69-2
Added Pin To Net: NetName=NetR69_2 Pin=U18-1
Added Pin To Net: NetName=NetR69_2 Pin=VR4-1
Added Net: Name=NetR69_2
Added Member To Class: ClassName=Power Member=Component D19 1N4148WX-TP
Added Member To Class: ClassName=Power Member=Component D20 1N4148WX-TP
Added Member To Class: ClassName=Power Member=Component R68 6k8 ± 1%
Added Member To Class: ClassName=Power Member=Component R69 6k8 ± 1%
