Removed Pin From Net: NetName=ADC1_VREF Pin=C16-2
Removed Pin From Net: NetName=ADC1_VREF Pin=C21-2
Removed Pin From Net: NetName=ADC2_VREF Pin=C23-1
Removed Pin From Net: NetName=ADC2_VREF Pin=C24-2
Removed Pin From Net: NetName=ADC1_VREF Pin=U10-4
Removed Pin From Net: NetName=ADC2_VREF Pin=U11-7
Removed Pin From Net: NetName=ADC1_VREF Pin=U12-3
Removed Pin From Net: NetName=ADC1_VREF Pin=U12-4
Removed Pin From Net: NetName=ADC2_VREF Pin=U13-3
Removed Pin From Net: NetName=ADC2_VREF Pin=U13-4
Added Component: Designator=R47(RES-0603)
Added Component: Designator=R48(RES-0603)
Added Component: Designator=R49(RES-0603)
Added Component: Designator=R50(RES-0603)
Added Pin To Net: NetName=ADC1_VREF Pin=R48-2
Added Pin To Net: NetName=ADC2_VREF Pin=R49-2
Change Net Name : Old Net Name=ADC1_VREF New Net Name=NetC17_1
Change Net Name : Old Net Name=ADC2_VREF New Net Name=NetC22_2
Added Pin To Net: NetName=ADC1_VREF Pin=R47-1
Added Pin To Net: NetName=ADC1_VREF Pin=R48-1
Added Pin To Net: NetName=ADC1_VREF Pin=U12-3
Added Pin To Net: NetName=ADC1_VREF Pin=U12-4
Added Net: Name=ADC1_VREF
Added Pin To Net: NetName=ADC2_VREF Pin=R49-1
Added Pin To Net: NetName=ADC2_VREF Pin=R50-1
Added Pin To Net: NetName=ADC2_VREF Pin=U13-3
Added Pin To Net: NetName=ADC2_VREF Pin=U13-4
Added Net: Name=ADC2_VREF
Added Pin To Net: NetName=NetC16_2 Pin=C16-2
Added Pin To Net: NetName=NetC16_2 Pin=C21-2
Added Pin To Net: NetName=NetC16_2 Pin=R47-2
Added Pin To Net: NetName=NetC16_2 Pin=U10-4
Added Net: Name=NetC16_2
Added Pin To Net: NetName=NetC23_1 Pin=C23-1
Added Pin To Net: NetName=NetC23_1 Pin=C24-2
Added Pin To Net: NetName=NetC23_1 Pin=R50-2
Added Pin To Net: NetName=NetC23_1 Pin=U11-7
Added Net: Name=NetC23_1
Added Member To Class: ClassName=ADC and IMU Member=Component R47 470
Added Member To Class: ClassName=ADC and IMU Member=Component R48 470
Added Member To Class: ClassName=ADC and IMU Member=Component R49 470
Added Member To Class: ClassName=ADC and IMU Member=Component R50 470
