Removed Pin From Net: NetName=IN_CH4_BUFF Pin=U7-1
Removed Pin From Net: NetName=IN_CH4_BUFF Pin=U7-2
Removed Pin From Net: NetName=IN_CH4 Pin=U7-3
Removed Pin From Net: NetName=NetR27_2 Pin=U7-5
Removed Pin From Net: NetName=CH4_10V_SCALE Pin=U7-6
Removed Pin From Net: NetName=CH4_10V_SCALE Pin=U7-7
Removed Pin From Net: NetName=IN_CH3_BUFF Pin=U8-1
Removed Pin From Net: NetName=IN_CH3_BUFF Pin=U8-2
Removed Pin From Net: NetName=IN_CH3 Pin=U8-3
Removed Pin From Net: NetName=NetR28_2 Pin=U8-5
Removed Pin From Net: NetName=CH3_10V_SCALE Pin=U8-6
Removed Pin From Net: NetName=CH3_10V_SCALE Pin=U8-7
Added Pin To Net: NetName=IN_CH3_BUFF Pin=U7-1
Added Pin To Net: NetName=IN_CH3_BUFF Pin=U7-2
Added Pin To Net: NetName=IN_CH3 Pin=U7-3
Added Pin To Net: NetName=NetR28_2 Pin=U7-5
Added Pin To Net: NetName=CH3_10V_SCALE Pin=U7-6
Added Pin To Net: NetName=CH3_10V_SCALE Pin=U7-7
Added Pin To Net: NetName=IN_CH4_BUFF Pin=U8-1
Added Pin To Net: NetName=IN_CH4_BUFF Pin=U8-2
Added Pin To Net: NetName=IN_CH4 Pin=U8-3
Added Pin To Net: NetName=NetR27_2 Pin=U8-5
Added Pin To Net: NetName=CH4_10V_SCALE Pin=U8-6
Added Pin To Net: NetName=CH4_10V_SCALE Pin=U8-7
