Change Component Comment : Designator=C? Old Comment=CAP-0603 New Comment=100nF
Change Component Comment : Designator=R? Old Comment=RES-0603 New Comment=4k7
Change Component Designator: OldDesignator=C? NewDesignator=C12
Change Component Designator: OldDesignator=R? NewDesignator=R45
Added Component: Designator=J1(691137710004)
Add component (AddParameter): Name = "Lead Pitch"; Value = "5mm"; VariantName = "[No Variations]"
Add component (AddParameter): Name = "NexarPartId"; Value = "78871140"; VariantName = "[No Variations]"
Add component (AddParameter): Name = "Number of Pins"; Value = "4"; VariantName = "[No Variations]"
Add component (AddParameter): Name = "Packaging"; Value = "Box"; VariantName = "[No Variations]"
Add component (AddParameter): Name = "RoHS"; Value = "Non-Compliant"; VariantName = "[No Variations]"
Added Component: Designator=J2(691137710004)
Add component (AddParameter): Name = "Lead Pitch"; Value = "5mm"; VariantName = "[No Variations]"
Add component (AddParameter): Name = "NexarPartId"; Value = "78871140"; VariantName = "[No Variations]"
Add component (AddParameter): Name = "Number of Pins"; Value = "4"; VariantName = "[No Variations]"
Add component (AddParameter): Name = "Packaging"; Value = "Box"; VariantName = "[No Variations]"
Add component (AddParameter): Name = "RoHS"; Value = "Non-Compliant"; VariantName = "[No Variations]"
Added Pin To Net: NetName=IN_CH1 Pin=J1-1
Added Pin To Net: NetName=GND Pin=J1-2
Added Pin To Net: NetName=IN_CH2 Pin=J1-3
Added Pin To Net: NetName=GND Pin=J1-4
Added Pin To Net: NetName=IN_CH3 Pin=J2-1
Added Pin To Net: NetName=GND Pin=J2-2
Added Pin To Net: NetName=IN_CH4 Pin=J2-3
Added Pin To Net: NetName=GND Pin=J2-4
Added Class: Name=Connectors
