Removed Pin From Net: NetName=GND Pin=C51-1
Removed Pin From Net: NetName=3V3 Pin=C51-2
Removed Pin From Net: NetName=GND Pin=R65-1
Removed Pin From Net: NetName=SEEED_3V3 Pin=R65-2
Removed Pin From Net: NetName=GND Pin=R66-1
Removed Pin From Net: NetName=SEEED_TX Pin=R66-2
Removed Pin From Net: NetName=GND Pin=R67-1
Removed Pin From Net: NetName=SEEED_RX Pin=R67-2
Removed Pin From Net: NetName=SEEED_3V3 Pin=U21-1
Removed Pin From Net: NetName=SEEED_TX Pin=U21-2
Removed Pin From Net: NetName=SEEED_RX Pin=U21-3
Removed Pin From Net: NetName=GND Pin=U21-4
Removed Pin From Net: NetName=AVR_TX Pin=U21-5
Removed Pin From Net: NetName=AVR_RX Pin=U21-6
Removed Pin From Net: NetName=SEEED_3V3 Pin=U21-7
Removed Pin From Net: NetName=3V3 Pin=U21-8
Removed Member From Class: ClassName=ATMega328p Member=C51
Removed Member From Class: ClassName=ATMega328p Member=R65
Removed Member From Class: ClassName=ATMega328p Member=R66
Removed Member From Class: ClassName=ATMega328p Member=R67
Removed Member From Class: ClassName=ATMega328p Member=U21
