Added Component: Designator=C16(CAP-0603)
Added Component: Designator=C17(CAP-0603)
Added Component: Designator=C18(CAP-0603)
Added Component: Designator=C19(CAP-0603)
Added Component: Designator=C20(CAP-0603)
Added Component: Designator=C21(CAP-0603)
Added Component: Designator=C22(CAP-0603)
Added Component: Designator=C23(CAP-0603)
Added Component: Designator=C24(CAP-0603)
Added Component: Designator=C25(CAP-0603)
Added Component: Designator=C26(CAP-0603)
Added Component: Designator=C27(CAP-0603)
Added Pin To Net: NetName=ADC_CH1 Pin=C16-1
Added Pin To Net: NetName=ADC1_VREF Pin=C16-2
Added Pin To Net: NetName=ADC1_VREF Pin=C17-1
Added Pin To Net: NetName=ADC_CH2 Pin=C17-2
Added Pin To Net: NetName=GND Pin=C18-1
Added Pin To Net: NetName=ADC1_VREF Pin=C18-2
Added Pin To Net: NetName=GND Pin=C19-1
Added Pin To Net: NetName=ADC_CH2 Pin=C19-2
Added Pin To Net: NetName=GND Pin=C20-1
Added Pin To Net: NetName=ADC_CH1 Pin=C20-2
Added Pin To Net: NetName=GND Pin=C21-1
Added Pin To Net: NetName=ADC1_VREF Pin=C21-2
Added Pin To Net: NetName=ADC_CH3 Pin=C22-1
Added Pin To Net: NetName=ADC2_VREF Pin=C22-2
Added Pin To Net: NetName=ADC2_VREF Pin=C23-1
Added Pin To Net: NetName=ADC_CH4 Pin=C23-2
Added Pin To Net: NetName=GND Pin=C24-1
Added Pin To Net: NetName=ADC2_VREF Pin=C24-2
Added Pin To Net: NetName=GND Pin=C25-1
Added Pin To Net: NetName=ADC_CH4 Pin=C25-2
Added Pin To Net: NetName=GND Pin=C26-1
Added Pin To Net: NetName=ADC_CH3 Pin=C26-2
Added Pin To Net: NetName=GND Pin=C27-1
Added Pin To Net: NetName=ADC2_VREF Pin=C27-2
Added Member To Class: ClassName=ADC and IMU Member=Component C16 220nF
Added Member To Class: ClassName=ADC and IMU Member=Component C17 220nF
Added Member To Class: ClassName=ADC and IMU Member=Component C18 22nF
Added Member To Class: ClassName=ADC and IMU Member=Component C19 22nF
Added Member To Class: ClassName=ADC and IMU Member=Component C20 22nF
Added Member To Class: ClassName=ADC and IMU Member=Component C21 22nF
Added Member To Class: ClassName=ADC and IMU Member=Component C22 220nF
Added Member To Class: ClassName=ADC and IMU Member=Component C23 220nF
Added Member To Class: ClassName=ADC and IMU Member=Component C24 22nF
Added Member To Class: ClassName=ADC and IMU Member=Component C25 22nF
Added Member To Class: ClassName=ADC and IMU Member=Component C26 22nF
Added Member To Class: ClassName=ADC and IMU Member=Component C27 22nF
