Change Component Comment : Designator=R58 Old Comment=40k ± 1% New Comment=10k ± 1%
Added Component: Designator=C54(CAP-0603)
Added Component: Designator=R65(RESC1609X50X30NL8T20)
Add component (AddParameter): Name = "ComponentLink1Description"; Value = "Manufacturer URL"; VariantName = "[No Variations]"
Add component (AddParameter): Name = "ComponentLink1URL"; Value = "http://www.vishay.com/"; VariantName = "[No Variations]"
Add component (AddParameter): Name = "ComponentLink2Description"; Value = "Datasheet"; VariantName = "[No Variations]"
Add component (AddParameter): Name = "ComponentLink2URL"; Value = "https://datasheet.ciiva.com/11809/0900766b80d98afc-11809037.pdf"; VariantName = "[No Variations]"
Add component (AddParameter): Name = "DatasheetVersion"; Value = "06/2012"; VariantName = "[No Variations]"
Add component (AddParameter): Name = "Height"; Value = "0.45 mm"; VariantName = "[No Variations]"
Add component (AddParameter): Name = "Length"; Value = "1.55 mm"; VariantName = "[No Variations]"
Add component (AddParameter): Name = "Manufacturer"; Value = "Vishay Semiconductor"; VariantName = "[No Variations]"
Add component (AddParameter): Name = "Max Operating Temperature"; Value = "155 degC"; VariantName = "[No Variations]"
Add component (AddParameter): Name = "Min Operating Temperature"; Value = "-55 degC"; VariantName = "[No Variations]"
Add component (AddParameter): Name = "Mounting Technology"; Value = "Surface Mount"; VariantName = "[No Variations]"
Add component (AddParameter): Name = "Package Quantity"; Value = "5000"; VariantName = "[No Variations]"
Add component (AddParameter): Name = "PackageDescription"; Value = "2-Pin Surface Mount Device, Body 1.575 x 0.85 mm"; VariantName = "[No Variations]"
Add component (AddParameter): Name = "PackageReference"; Value = "0603"; VariantName = "[No Variations]"
Add component (AddParameter): Name = "Packaging"; Value = "Tape and Reel"; VariantName = "[No Variations]"
Add component (AddParameter): Name = "REACH SVHC"; Value = "Unknown"; VariantName = "[No Variations]"
Add component (AddParameter): Name = "RoHSCompliant"; Value = "true"; VariantName = "[No Variations]"
Add component (AddParameter): Name = "Voltage Rating"; Value = "75 V"; VariantName = "[No Variations]"
Added Component: Designator=U21(TSSOP50P310X90-8N)
Added Pin To Net: NetName=GND Pin=C54-1
Added Pin To Net: NetName=3V3 Pin=C54-2
Added Pin To Net: NetName=3V3 Pin=R65-2
Added Pin To Net: NetName=3V3 Pin=U21-1
Added Pin To Net: NetName=AVR_RX Pin=U21-2
Added Pin To Net: NetName=AVR_TX Pin=U21-3
Added Pin To Net: NetName=GND Pin=U21-4
Added Pin To Net: NetName=AVR_TX Pin=U21-5
Added Pin To Net: NetName=AVR_RX Pin=U21-6
Added Pin To Net: NetName=3V3 Pin=U21-7
Added Pin To Net: NetName=3V3 Pin=U21-8
Added Pin To Net: NetName=NetR65_1 Pin=R65-1
Added Pin To Net: NetName=NetR65_1 Pin=U14-8
Added Net: Name=NetR65_1
Added Member To Class: ClassName=Hardware Member=Component C54 100nF ± 10%
Added Member To Class: ClassName=ADC and IMU Member=Component R65 4k7 ± 1%
Added Member To Class: ClassName=Hardware Member=Component U21 BUFF 2CH
