Removed Pin From Net: NetName=3V3 Pin=R14-1
Removed Pin From Net: NetName=BTN1 Pin=R14-2
Removed Pin From Net: NetName=3V3 Pin=R18-1
Removed Pin From Net: NetName=BTN2 Pin=R18-2
Removed Pin From Net: NetName=3V3 Pin=R24-1
Removed Pin From Net: NetName=BTN3 Pin=R24-2
Removed Pin From Net: NetName=BTN1 Pin=SW1-1
Removed Pin From Net: NetName=BTN1 Pin=SW1-2
Removed Pin From Net: NetName=GND Pin=SW1-3
Removed Pin From Net: NetName=GND Pin=SW1-4
Removed Pin From Net: NetName=GND Pin=SW2-3
Removed Pin From Net: NetName=GND Pin=SW2-4
Removed Pin From Net: NetName=GND Pin=SW3-3
Removed Pin From Net: NetName=GND Pin=SW3-4
Added Component: Designator=R61(RES-0603)
Added Pin To Net: NetName=BTN1 Pin=R14-1
Added Pin To Net: NetName=GND Pin=R14-2
Added Pin To Net: NetName=BTN2 Pin=R18-1
Added Pin To Net: NetName=GND Pin=R18-2
Added Pin To Net: NetName=BTN3 Pin=R24-1
Added Pin To Net: NetName=GND Pin=R24-2
Added Pin To Net: NetName=GND Pin=R61-1
Added Pin To Net: NetName=SEEED_3V3 Pin=R61-2
Added Pin To Net: NetName=3V3 Pin=SW1-1
Added Pin To Net: NetName=3V3 Pin=SW1-2
Added Pin To Net: NetName=BTN1 Pin=SW1-3
Added Pin To Net: NetName=BTN1 Pin=SW1-4
Added Pin To Net: NetName=3V3 Pin=SW2-3
Added Pin To Net: NetName=3V3 Pin=SW2-4
Added Pin To Net: NetName=3V3 Pin=SW3-3
Added Pin To Net: NetName=3V3 Pin=SW3-4
Added Member To Class: ClassName=ATMega328p Member=Component R61 10k ± 5%
